Flow report for KEY_DETECT_TRIGGER
Sun Nov 13 21:38:35 2016
Quartus II 64-Bit Version 12.1 Build 177 11/07/2012 SJ Full Version


---------------------
; Table of Contents ;
---------------------
  1. Legal Notice
  2. Flow Summary
  3. Flow Settings
  4. Flow Non-Default Global Settings
  5. Flow Elapsed Time
  6. Flow OS Summary
  7. Flow Log



----------------
; Legal Notice ;
----------------
Copyright (C) 1991-2012 Altera Corporation
Your use of Altera Corporation's design tools, logic functions 
and other software and tools, and its AMPP partner logic 
functions, and any output files from any of the foregoing 
(including device programming or simulation files), and any 
associated documentation or information are expressly subject 
to the terms and conditions of the Altera Program License 
Subscription Agreement, Altera MegaCore Function License 
Agreement, or other applicable license agreement, including, 
without limitation, that your use is for the sole purpose of 
programming logic devices manufactured by Altera and sold by 
Altera or its authorized distributors.  Please refer to the 
applicable agreement for further details.



+--------------------------------------------------------------------------------+
; Flow Summary                                                                   ;
+------------------------------------+-------------------------------------------+
; Flow Status                        ; Successful - Sun Nov 13 21:38:35 2016     ;
; Quartus II 64-Bit Version          ; 12.1 Build 177 11/07/2012 SJ Full Version ;
; Revision Name                      ; KEY_DETECT_TRIGGER                        ;
; Top-level Entity Name              ; top_module                                ;
; Family                             ; Cyclone IV E                              ;
; Device                             ; EP4CE40F23C6                              ;
; Timing Models                      ; Final                                     ;
; Total logic elements               ; 64 / 39,600 ( < 1 % )                     ;
;     Total combinational functions  ; 62 / 39,600 ( < 1 % )                     ;
;     Dedicated logic registers      ; 43 / 39,600 ( < 1 % )                     ;
; Total registers                    ; 43                                        ;
; Total pins                         ; 4 / 329 ( 1 % )                           ;
; Total virtual pins                 ; 0                                         ;
; Total memory bits                  ; 0 / 1,161,216 ( 0 % )                     ;
; Embedded Multiplier 9-bit elements ; 0 / 232 ( 0 % )                           ;
; Total PLLs                         ; 0 / 4 ( 0 % )                             ;
+------------------------------------+-------------------------------------------+


+-----------------------------------------+
; Flow Settings                           ;
+-------------------+---------------------+
; Option            ; Setting             ;
+-------------------+---------------------+
; Start date & time ; 11/13/2016 21:38:15 ;
; Main task         ; Compilation         ;
; Revision Name     ; KEY_DETECT_TRIGGER  ;
+-------------------+---------------------+


+---------------------------------------------------------------------------------------------------------------------------+
; Flow Non-Default Global Settings                                                                                          ;
+-------------------------------------+---------------------------------+--------------------+-------------+----------------+
; Assignment Name                     ; Value                           ; Default Value      ; Entity Name ; Section Id     ;
+-------------------------------------+---------------------------------+--------------------+-------------+----------------+
; COMPILER_SIGNATURE_ID               ; 268678285257400.147904429503144 ; --                 ; --          ; --             ;
; EDA_OUTPUT_DATA_FORMAT              ; Verilog Hdl                     ; --                 ; --          ; eda_simulation ;
; EDA_SIMULATION_TOOL                 ; ModelSim-Altera (Verilog)       ; <None>             ; --          ; --             ;
; MAX_CORE_JUNCTION_TEMP              ; 85                              ; --                 ; --          ; --             ;
; MIN_CORE_JUNCTION_TEMP              ; 0                               ; --                 ; --          ; --             ;
; NOMINAL_CORE_SUPPLY_VOLTAGE         ; 1.2V                            ; --                 ; --          ; --             ;
; PARTITION_COLOR                     ; 16764057                        ; --                 ; top_module  ; Top            ;
; PARTITION_FITTER_PRESERVATION_LEVEL ; PLACEMENT_AND_ROUTING           ; --                 ; top_module  ; Top            ;
; PARTITION_NETLIST_TYPE              ; SOURCE                          ; --                 ; top_module  ; Top            ;
; PROJECT_OUTPUT_DIRECTORY            ; output_files                    ; --                 ; --          ; --             ;
; TOP_LEVEL_ENTITY                    ; top_module                      ; KEY_DETECT_TRIGGER ; --          ; --             ;
+-------------------------------------+---------------------------------+--------------------+-------------+----------------+


+-------------------------------------------------------------------------------------------------------------------------------+
; Flow Elapsed Time                                                                                                             ;
+---------------------------+--------------+-------------------------+---------------------+------------------------------------+
; Module Name               ; Elapsed Time ; Average Processors Used ; Peak Virtual Memory ; Total CPU Time (on all processors) ;
+---------------------------+--------------+-------------------------+---------------------+------------------------------------+
; Analysis & Synthesis      ; 00:00:01     ; 1.0                     ; 436 MB              ; 00:00:01                           ;
; Fitter                    ; 00:00:09     ; 2.7                     ; 741 MB              ; 00:00:11                           ;
; Assembler                 ; 00:00:02     ; 1.0                     ; 423 MB              ; 00:00:02                           ;
; TimeQuest Timing Analyzer ; 00:00:02     ; 1.0                     ; 494 MB              ; 00:00:02                           ;
; EDA Netlist Writer        ; 00:00:01     ; 1.0                     ; 383 MB              ; 00:00:01                           ;
; Total                     ; 00:00:15     ; --                      ; --                  ; 00:00:17                           ;
+---------------------------+--------------+-------------------------+---------------------+------------------------------------+


+----------------------------------------------------------------------------------------+
; Flow OS Summary                                                                        ;
+---------------------------+------------------+-----------+------------+----------------+
; Module Name               ; Machine Hostname ; OS Name   ; OS Version ; Processor type ;
+---------------------------+------------------+-----------+------------+----------------+
; Analysis & Synthesis      ; NMRCabbage-PC    ; Windows 7 ; 6.1        ; x86_64         ;
; Fitter                    ; NMRCabbage-PC    ; Windows 7 ; 6.1        ; x86_64         ;
; Assembler                 ; NMRCabbage-PC    ; Windows 7 ; 6.1        ; x86_64         ;
; TimeQuest Timing Analyzer ; NMRCabbage-PC    ; Windows 7 ; 6.1        ; x86_64         ;
; EDA Netlist Writer        ; NMRCabbage-PC    ; Windows 7 ; 6.1        ; x86_64         ;
+---------------------------+------------------+-----------+------------+----------------+


------------
; Flow Log ;
------------
quartus_map --read_settings_files=on --write_settings_files=off KEY_DETECT_TRIGGER -c KEY_DETECT_TRIGGER
quartus_fit --read_settings_files=off --write_settings_files=off KEY_DETECT_TRIGGER -c KEY_DETECT_TRIGGER
quartus_asm --read_settings_files=off --write_settings_files=off KEY_DETECT_TRIGGER -c KEY_DETECT_TRIGGER
quartus_sta KEY_DETECT_TRIGGER -c KEY_DETECT_TRIGGER
quartus_eda --read_settings_files=off --write_settings_files=off KEY_DETECT_TRIGGER -c KEY_DETECT_TRIGGER



