Partition Merge report for UART_TX
Tue Nov 15 21:54:54 2016
Quartus II 64-Bit Version 12.1 Build 177 11/07/2012 SJ Full Version


---------------------
; Table of Contents ;
---------------------
  1. Legal Notice
  2. Partition Merge Summary
  3. Partition Merge Netlist Types Used
  4. Partition Merge Partition Statistics
  5. Partition Merge Partition Pin Processing
  6. Partition Merge Resource Usage Summary
  7. Partition Merge Messages



----------------
; Legal Notice ;
----------------
Copyright (C) 1991-2012 Altera Corporation
Your use of Altera Corporation's design tools, logic functions 
and other software and tools, and its AMPP partner logic 
functions, and any output files from any of the foregoing 
(including device programming or simulation files), and any 
associated documentation or information are expressly subject 
to the terms and conditions of the Altera Program License 
Subscription Agreement, Altera MegaCore Function License 
Agreement, or other applicable license agreement, including, 
without limitation, that your use is for the sole purpose of 
programming logic devices manufactured by Altera and sold by 
Altera or its authorized distributors.  Please refer to the 
applicable agreement for further details.



+--------------------------------------------------------------------------------+
; Partition Merge Summary                                                        ;
+------------------------------------+-------------------------------------------+
; Partition Merge Status             ; Successful - Tue Nov 15 21:54:54 2016     ;
; Quartus II 64-Bit Version          ; 12.1 Build 177 11/07/2012 SJ Full Version ;
; Revision Name                      ; UART_TX                                   ;
; Top-level Entity Name              ; top_module                                ;
; Family                             ; Cyclone IV E                              ;
; Total logic elements               ; 88 / 39,600 ( < 1 % )                     ;
;     Total combinational functions  ; 88 / 39,600 ( < 1 % )                     ;
;     Dedicated logic registers      ; 45 / 39,600 ( < 1 % )                     ;
; Total registers                    ; 45                                        ;
; Total pins                         ; 3 / 329 ( < 1 % )                         ;
; Total virtual pins                 ; 0                                         ;
; Total memory bits                  ; 0 / 1,161,216 ( 0 % )                     ;
; Embedded Multiplier 9-bit elements ; 0 / 232 ( 0 % )                           ;
; Total PLLs                         ; 0 / 4 ( 0 % )                             ;
+------------------------------------+-------------------------------------------+


+-------------------------------------------------------------------------------------------------------------------------------+
; Partition Merge Netlist Types Used                                                                                            ;
+--------------------------------+----------------+-------------------+------------------------+--------------------------------+
; Partition Name                 ; Partition Type ; Netlist Type Used ; Netlist Type Requested ; Partition Contents             ;
+--------------------------------+----------------+-------------------+------------------------+--------------------------------+
; Top                            ; User-created   ; Post-Fit          ; Post-Fit               ;                                ;
; hard_block:auto_generated_inst ; Auto-generated ; Source File       ; Source File            ; hard_block:auto_generated_inst ;
+--------------------------------+----------------+-------------------+------------------------+--------------------------------+


+-----------------------------------------------------------------------------------------------------+
; Partition Merge Partition Statistics                                                                ;
+---------------------------------------------+----------------------+--------------------------------+
; Statistic                                   ; Top                  ; hard_block:auto_generated_inst ;
+---------------------------------------------+----------------------+--------------------------------+
; Estimated Total logic elements              ; 88 / 39600 ( < 1 % ) ; 0 / 39600 ( 0 % )              ;
;                                             ;                      ;                                ;
; Total combinational functions               ; 88                   ; 0                              ;
; Logic element usage by number of LUT inputs ;                      ;                                ;
;     -- 4 input functions                    ; 23                   ; 0                              ;
;     -- 3 input functions                    ; 2                    ; 0                              ;
;     -- <=2 input functions                  ; 63                   ; 0                              ;
;                                             ;                      ;                                ;
; Logic elements by mode                      ;                      ;                                ;
;     -- normal mode                          ; 51                   ; 0                              ;
;     -- arithmetic mode                      ; 37                   ; 0                              ;
;                                             ;                      ;                                ;
; Total registers                             ; 45                   ; 0                              ;
;     -- Dedicated logic registers            ; 45 / 39600 ( < 1 % ) ; 0 / 39600 ( 0 % )              ;
;                                             ;                      ;                                ;
; Virtual pins                                ; 0                    ; 0                              ;
; I/O pins                                    ; 3                    ; 0                              ;
; Embedded Multiplier 9-bit elements          ; 0 / 232 ( 0 % )      ; 0 / 232 ( 0 % )                ;
; Total memory bits                           ; 0                    ; 0                              ;
; Total RAM block bits                        ; 0                    ; 0                              ;
;                                             ;                      ;                                ;
; Connections                                 ;                      ;                                ;
;     -- Input Connections                    ; 0                    ; 0                              ;
;     -- Registered Input Connections         ; 0                    ; 0                              ;
;     -- Output Connections                   ; 0                    ; 0                              ;
;     -- Registered Output Connections        ; 0                    ; 0                              ;
;                                             ;                      ;                                ;
; Internal Connections                        ;                      ;                                ;
;     -- Total Connections                    ; 367                  ; 0                              ;
;     -- Registered Connections               ; 126                  ; 0                              ;
;                                             ;                      ;                                ;
; External Connections                        ;                      ;                                ;
;     -- Top                                  ; 0                    ; 0                              ;
;     -- hard_block:auto_generated_inst       ; 0                    ; 0                              ;
;                                             ;                      ;                                ;
; Partition Interface                         ;                      ;                                ;
;     -- Input Ports                          ; 2                    ; 0                              ;
;     -- Output Ports                         ; 1                    ; 0                              ;
;     -- Bidir Ports                          ; 0                    ; 0                              ;
;                                             ;                      ;                                ;
; Registered Ports                            ;                      ;                                ;
;     -- Registered Input Ports               ; 0                    ; 0                              ;
;     -- Registered Output Ports              ; 0                    ; 0                              ;
;                                             ;                      ;                                ;
; Port Connectivity                           ;                      ;                                ;
;     -- Input Ports driven by GND            ; 0                    ; 0                              ;
;     -- Output Ports driven by GND           ; 0                    ; 0                              ;
;     -- Input Ports driven by VCC            ; 0                    ; 0                              ;
;     -- Output Ports driven by VCC           ; 0                    ; 0                              ;
;     -- Input Ports with no Source           ; 0                    ; 0                              ;
;     -- Output Ports with no Source          ; 0                    ; 0                              ;
;     -- Input Ports with no Fanout           ; 0                    ; 0                              ;
;     -- Output Ports with no Fanout          ; 0                    ; 0                              ;
+---------------------------------------------+----------------------+--------------------------------+
Note: Resource usage numbers presented for Partitions containing post-synthesis logic are estimates.  For Partitions containing post-fit logic, resource usage numbers are accurate based on previous placement information.  Actual Fitter results may vary depending on current Fitter Preservation Level assignments.


+------------------------------------------------------------------------------------------------------------------------+
; Partition Merge Partition Pin Processing                                                                               ;
+--------------------------+-----------+---------------+-------------------+---------------------------------------------+
; Name                     ; Partition ; Type          ; Location          ; Status                                      ;
+--------------------------+-----------+---------------+-------------------+---------------------------------------------+
; CLK                      ; Top       ; Input Port    ; n/a               ;                                             ;
;     -- CLK               ; Top       ; Input Pad     ; IOPAD_X0_Y21_N21  ; Preserved from Post-Fit or Imported Netlist ;
;     -- CLK~input         ; Top       ; Input Buffer  ; IOIBUF_X0_Y21_N22 ; Preserved from Post-Fit or Imported Netlist ;
;                          ;           ;               ;                   ;                                             ;
; RSTn                     ; Top       ; Input Port    ; n/a               ;                                             ;
;     -- RSTn              ; Top       ; Input Pad     ; IOPAD_X0_Y21_N14  ; Preserved from Post-Fit or Imported Netlist ;
;     -- RSTn~input        ; Top       ; Input Buffer  ; IOIBUF_X0_Y21_N15 ; Preserved from Post-Fit or Imported Netlist ;
;                          ;           ;               ;                   ;                                             ;
; TX_Pin_Out               ; Top       ; Output Port   ; n/a               ;                                             ;
;     -- TX_Pin_Out        ; Top       ; Output Pad    ; IOPAD_X38_Y43_N0  ; Preserved from Post-Fit or Imported Netlist ;
;     -- TX_Pin_Out~output ; Top       ; Output Buffer ; IOOBUF_X38_Y43_N2 ; Preserved from Post-Fit or Imported Netlist ;
;                          ;           ;               ;                   ;                                             ;
+--------------------------+-----------+---------------+-------------------+---------------------------------------------+


+---------------------------------------------------------------------+
; Partition Merge Resource Usage Summary                              ;
+---------------------------------------------+-----------------------+
; Resource                                    ; Usage                 ;
+---------------------------------------------+-----------------------+
; Estimated Total logic elements              ; 88 / 39,600 ( < 1 % ) ;
;                                             ;                       ;
; Total combinational functions               ; 88                    ;
; Logic element usage by number of LUT inputs ;                       ;
;     -- 4 input functions                    ; 23                    ;
;     -- 3 input functions                    ; 2                     ;
;     -- <=2 input functions                  ; 63                    ;
;                                             ;                       ;
; Logic elements by mode                      ;                       ;
;     -- normal mode                          ; 51                    ;
;     -- arithmetic mode                      ; 37                    ;
;                                             ;                       ;
; Total registers                             ; 45                    ;
;     -- Dedicated logic registers            ; 45                    ;
;     -- I/O registers                        ; 0                     ;
;                                             ;                       ;
; I/O pins                                    ; 3                     ;
; Embedded Multiplier 9-bit elements          ; 0                     ;
; Maximum fan-out                             ; 45                    ;
; Total fan-out                               ; 367                   ;
; Average fan-out                             ; 2.60                  ;
+---------------------------------------------+-----------------------+


+--------------------------+
; Partition Merge Messages ;
+--------------------------+
Info: *******************************************************************
Info: Running Quartus II 64-Bit Partition Merge
    Info: Version 12.1 Build 177 11/07/2012 SJ Full Version
    Info: Processing started: Tue Nov 15 21:54:54 2016
Info: Command: quartus_cdb --read_settings_files=off --write_settings_files=off UART_TX -c UART_TX --merge=on
Info (35006): Using previously generated Fitter netlist for partition "Top"
Info (35002): Resolved and merged 1 partition(s)
Info (16010): Generating hard_block partition "hard_block:auto_generated_inst"
    Info (16011): Adding 0 node(s), including 0 DDIO, 0 PLL, 0 transceiver and 0 LCELL
Info (21057): Implemented 93 device resources after synthesis - the final resource count might be different
    Info (21058): Implemented 2 input pins
    Info (21059): Implemented 1 output pins
    Info (21061): Implemented 88 logic cells
Info: Quartus II 64-Bit Partition Merge was successful. 0 errors, 0 warnings
    Info: Peak virtual memory: 441 megabytes
    Info: Processing ended: Tue Nov 15 21:54:54 2016
    Info: Elapsed time: 00:00:00
    Info: Total CPU time (on all processors): 00:00:01


