Flow report for BUZZER_INTERFACE
Sun Nov 20 18:28:15 2016
Quartus II 64-Bit Version 12.1 Build 177 11/07/2012 SJ Full Version


---------------------
; Table of Contents ;
---------------------
  1. Legal Notice
  2. Flow Summary
  3. Flow Settings
  4. Flow Non-Default Global Settings
  5. Flow Elapsed Time
  6. Flow OS Summary
  7. Flow Log



----------------
; Legal Notice ;
----------------
Copyright (C) 1991-2012 Altera Corporation
Your use of Altera Corporation's design tools, logic functions 
and other software and tools, and its AMPP partner logic 
functions, and any output files from any of the foregoing 
(including device programming or simulation files), and any 
associated documentation or information are expressly subject 
to the terms and conditions of the Altera Program License 
Subscription Agreement, Altera MegaCore Function License 
Agreement, or other applicable license agreement, including, 
without limitation, that your use is for the sole purpose of 
programming logic devices manufactured by Altera and sold by 
Altera or its authorized distributors.  Please refer to the 
applicable agreement for further details.



+--------------------------------------------------------------------------------+
; Flow Summary                                                                   ;
+------------------------------------+-------------------------------------------+
; Flow Status                        ; Successful - Sun Nov 20 18:28:15 2016     ;
; Quartus II 64-Bit Version          ; 12.1 Build 177 11/07/2012 SJ Full Version ;
; Revision Name                      ; BUZZER_INTERFACE                          ;
; Top-level Entity Name              ; BUZZER_INTERFACE_DEMO                     ;
; Family                             ; Cyclone IV E                              ;
; Device                             ; EP4CE15F17C8                              ;
; Timing Models                      ; Final                                     ;
; Total logic elements               ; 681 / 15,408 ( 4 % )                      ;
;     Total combinational functions  ; 473 / 15,408 ( 3 % )                      ;
;     Dedicated logic registers      ; 519 / 15,408 ( 3 % )                      ;
; Total registers                    ; 519                                       ;
; Total pins                         ; 3 / 166 ( 2 % )                           ;
; Total virtual pins                 ; 0                                         ;
; Total memory bits                  ; 1,792 / 516,096 ( < 1 % )                 ;
; Embedded Multiplier 9-bit elements ; 0 / 112 ( 0 % )                           ;
; Total PLLs                         ; 0 / 4 ( 0 % )                             ;
+------------------------------------+-------------------------------------------+


+-----------------------------------------+
; Flow Settings                           ;
+-------------------+---------------------+
; Option            ; Setting             ;
+-------------------+---------------------+
; Start date & time ; 11/20/2016 18:27:54 ;
; Main task         ; Compilation         ;
; Revision Name     ; BUZZER_INTERFACE    ;
+-------------------+---------------------+


+-------------------------------------------------------------------------------------------------------------------------------------------------------------------------------------+
; Flow Non-Default Global Settings                                                                                                                                                    ;
+-------------------------------------+---------------------------------------------------------------------------------+------------------+-----------------------+------------------+
; Assignment Name                     ; Value                                                                           ; Default Value    ; Entity Name           ; Section Id       ;
+-------------------------------------+---------------------------------------------------------------------------------+------------------+-----------------------+------------------+
; COMPILER_SIGNATURE_ID               ; 63464486974.147963767404368                                                     ; --               ; --                    ; --               ;
; EDA_OUTPUT_DATA_FORMAT              ; Verilog Hdl                                                                     ; --               ; --                    ; eda_simulation   ;
; EDA_SIMULATION_TOOL                 ; ModelSim-Altera (Verilog)                                                       ; <None>           ; --                    ; --               ;
; ENABLE_SIGNALTAP                    ; On                                                                              ; --               ; --                    ; --               ;
; IP_TOOL_NAME                        ; FIFO                                                                            ; --               ; --                    ; --               ;
; IP_TOOL_VERSION                     ; 12.1                                                                            ; --               ; --                    ; --               ;
; MAX_CORE_JUNCTION_TEMP              ; 85                                                                              ; --               ; --                    ; --               ;
; MIN_CORE_JUNCTION_TEMP              ; 0                                                                               ; --               ; --                    ; --               ;
; MISC_FILE                           ; BUZZER_FIFO_MODULE.bsf                                                          ; --               ; --                    ; --               ;
; MISC_FILE                           ; BUZZER_FIFO_MODULE_inst.v                                                       ; --               ; --                    ; --               ;
; MISC_FILE                           ; BUZZER_FIFO_MODULE_bb.v                                                         ; --               ; --                    ; --               ;
; NOMINAL_CORE_SUPPLY_VOLTAGE         ; 1.2V                                                                            ; --               ; --                    ; --               ;
; PARTITION_COLOR                     ; 16764057                                                                        ; --               ; BUZZER_INTERFACE_DEMO ; Top              ;
; PARTITION_FITTER_PRESERVATION_LEVEL ; PLACEMENT_AND_ROUTING                                                           ; --               ; BUZZER_INTERFACE_DEMO ; Top              ;
; PARTITION_NETLIST_TYPE              ; SOURCE                                                                          ; --               ; BUZZER_INTERFACE_DEMO ; Top              ;
; PROJECT_OUTPUT_DIRECTORY            ; output_files                                                                    ; --               ; --                    ; --               ;
; SLD_NODE_CREATOR_ID                 ; 110                                                                             ; --               ; --                    ; auto_signaltap_0 ;
; SLD_NODE_ENTITY_NAME                ; sld_signaltap                                                                   ; --               ; --                    ; auto_signaltap_0 ;
; SLD_NODE_PARAMETER_ASSIGNMENT       ; SLD_NODE_INFO=805334528                                                         ; --               ; --                    ; auto_signaltap_0 ;
; SLD_NODE_PARAMETER_ASSIGNMENT       ; SLD_POWER_UP_TRIGGER=0                                                          ; --               ; --                    ; auto_signaltap_0 ;
; SLD_NODE_PARAMETER_ASSIGNMENT       ; SLD_STORAGE_QUALIFIER_INVERSION_MASK_LENGTH=0                                   ; --               ; --                    ; auto_signaltap_0 ;
; SLD_NODE_PARAMETER_ASSIGNMENT       ; SLD_SEGMENT_SIZE=128                                                            ; --               ; --                    ; auto_signaltap_0 ;
; SLD_NODE_PARAMETER_ASSIGNMENT       ; SLD_ATTRIBUTE_MEM_MODE=OFF                                                      ; --               ; --                    ; auto_signaltap_0 ;
; SLD_NODE_PARAMETER_ASSIGNMENT       ; SLD_STATE_FLOW_USE_GENERATED=0                                                  ; --               ; --                    ; auto_signaltap_0 ;
; SLD_NODE_PARAMETER_ASSIGNMENT       ; SLD_STATE_BITS=11                                                               ; --               ; --                    ; auto_signaltap_0 ;
; SLD_NODE_PARAMETER_ASSIGNMENT       ; SLD_BUFFER_FULL_STOP=1                                                          ; --               ; --                    ; auto_signaltap_0 ;
; SLD_NODE_PARAMETER_ASSIGNMENT       ; SLD_CURRENT_RESOURCE_WIDTH=1                                                    ; --               ; --                    ; auto_signaltap_0 ;
; SLD_NODE_PARAMETER_ASSIGNMENT       ; SLD_TRIGGER_LEVEL=1                                                             ; --               ; --                    ; auto_signaltap_0 ;
; SLD_NODE_PARAMETER_ASSIGNMENT       ; SLD_SAMPLE_DEPTH=128                                                            ; --               ; --                    ; auto_signaltap_0 ;
; SLD_NODE_PARAMETER_ASSIGNMENT       ; SLD_TRIGGER_IN_ENABLED=0                                                        ; --               ; --                    ; auto_signaltap_0 ;
; SLD_NODE_PARAMETER_ASSIGNMENT       ; SLD_ADVANCED_TRIGGER_ENTITY=basic,1,                                            ; --               ; --                    ; auto_signaltap_0 ;
; SLD_NODE_PARAMETER_ASSIGNMENT       ; SLD_TRIGGER_LEVEL_PIPELINE=1                                                    ; --               ; --                    ; auto_signaltap_0 ;
; SLD_NODE_PARAMETER_ASSIGNMENT       ; SLD_ENABLE_ADVANCED_TRIGGER=0                                                   ; --               ; --                    ; auto_signaltap_0 ;
; SLD_NODE_PARAMETER_ASSIGNMENT       ; SLD_DATA_BITS=13                                                                ; --               ; --                    ; auto_signaltap_0 ;
; SLD_NODE_PARAMETER_ASSIGNMENT       ; SLD_TRIGGER_BITS=13                                                             ; --               ; --                    ; auto_signaltap_0 ;
; SLD_NODE_PARAMETER_ASSIGNMENT       ; SLD_INVERSION_MASK=000000000000000000000000000000000000000000000000000000000000 ; --               ; --                    ; auto_signaltap_0 ;
; SLD_NODE_PARAMETER_ASSIGNMENT       ; SLD_INVERSION_MASK_LENGTH=60                                                    ; --               ; --                    ; auto_signaltap_0 ;
; SLD_NODE_PARAMETER_ASSIGNMENT       ; SLD_NODE_CRC_LOWORD=49142                                                       ; --               ; --                    ; auto_signaltap_0 ;
; SLD_NODE_PARAMETER_ASSIGNMENT       ; SLD_NODE_CRC_HIWORD=47820                                                       ; --               ; --                    ; auto_signaltap_0 ;
; TOP_LEVEL_ENTITY                    ; BUZZER_INTERFACE_DEMO                                                           ; BUZZER_INTERFACE ; --                    ; --               ;
; USE_SIGNALTAP_FILE                  ; output_files/stp1.stp                                                           ; --               ; --                    ; --               ;
+-------------------------------------+---------------------------------------------------------------------------------+------------------+-----------------------+------------------+


+-------------------------------------------------------------------------------------------------------------------------------+
; Flow Elapsed Time                                                                                                             ;
+---------------------------+--------------+-------------------------+---------------------+------------------------------------+
; Module Name               ; Elapsed Time ; Average Processors Used ; Peak Virtual Memory ; Total CPU Time (on all processors) ;
+---------------------------+--------------+-------------------------+---------------------+------------------------------------+
; Analysis & Synthesis      ; 00:00:04     ; 1.0                     ; 507 MB              ; 00:00:04                           ;
; Fitter                    ; 00:00:07     ; 1.0                     ; 706 MB              ; 00:00:08                           ;
; Assembler                 ; 00:00:01     ; 1.0                     ; 415 MB              ; 00:00:01                           ;
; TimeQuest Timing Analyzer ; 00:00:03     ; 1.0                     ; 474 MB              ; 00:00:03                           ;
; EDA Netlist Writer        ; 00:00:01     ; 1.0                     ; 383 MB              ; 00:00:02                           ;
; Total                     ; 00:00:16     ; --                      ; --                  ; 00:00:18                           ;
+---------------------------+--------------+-------------------------+---------------------+------------------------------------+


+----------------------------------------------------------------------------------------+
; Flow OS Summary                                                                        ;
+---------------------------+------------------+-----------+------------+----------------+
; Module Name               ; Machine Hostname ; OS Name   ; OS Version ; Processor type ;
+---------------------------+------------------+-----------+------------+----------------+
; Analysis & Synthesis      ; NMRCabbage-PC    ; Windows 7 ; 6.1        ; x86_64         ;
; Fitter                    ; NMRCabbage-PC    ; Windows 7 ; 6.1        ; x86_64         ;
; Assembler                 ; NMRCabbage-PC    ; Windows 7 ; 6.1        ; x86_64         ;
; TimeQuest Timing Analyzer ; NMRCabbage-PC    ; Windows 7 ; 6.1        ; x86_64         ;
; EDA Netlist Writer        ; NMRCabbage-PC    ; Windows 7 ; 6.1        ; x86_64         ;
+---------------------------+------------------+-----------+------------+----------------+


------------
; Flow Log ;
------------
quartus_map --read_settings_files=on --write_settings_files=off BUZZER_INTERFACE -c BUZZER_INTERFACE
quartus_fit --read_settings_files=off --write_settings_files=off BUZZER_INTERFACE -c BUZZER_INTERFACE
quartus_asm --read_settings_files=off --write_settings_files=off BUZZER_INTERFACE -c BUZZER_INTERFACE
quartus_sta BUZZER_INTERFACE -c BUZZER_INTERFACE
quartus_eda --read_settings_files=off --write_settings_files=off BUZZER_INTERFACE -c BUZZER_INTERFACE



