Flow report for UART_INTERFACE
Sun Nov 20 22:30:54 2016
Quartus II 64-Bit Version 12.1 Build 177 11/07/2012 SJ Full Version


---------------------
; Table of Contents ;
---------------------
  1. Legal Notice
  2. Flow Summary
  3. Flow Settings
  4. Flow Non-Default Global Settings
  5. Flow Elapsed Time
  6. Flow OS Summary
  7. Flow Log



----------------
; Legal Notice ;
----------------
Copyright (C) 1991-2012 Altera Corporation
Your use of Altera Corporation's design tools, logic functions 
and other software and tools, and its AMPP partner logic 
functions, and any output files from any of the foregoing 
(including device programming or simulation files), and any 
associated documentation or information are expressly subject 
to the terms and conditions of the Altera Program License 
Subscription Agreement, Altera MegaCore Function License 
Agreement, or other applicable license agreement, including, 
without limitation, that your use is for the sole purpose of 
programming logic devices manufactured by Altera and sold by 
Altera or its authorized distributors.  Please refer to the 
applicable agreement for further details.



+--------------------------------------------------------------------------------+
; Flow Summary                                                                   ;
+------------------------------------+-------------------------------------------+
; Flow Status                        ; Successful - Sun Nov 20 22:30:54 2016     ;
; Quartus II 64-Bit Version          ; 12.1 Build 177 11/07/2012 SJ Full Version ;
; Revision Name                      ; UART_INTERFACE                            ;
; Top-level Entity Name              ; rx_tx_interface_demo                      ;
; Family                             ; Cyclone IV E                              ;
; Device                             ; EP4CE15F17C8                              ;
; Timing Models                      ; Final                                     ;
; Total logic elements               ; 185 / 15,408 ( 1 % )                      ;
;     Total combinational functions  ; 182 / 15,408 ( 1 % )                      ;
;     Dedicated logic registers      ; 105 / 15,408 ( < 1 % )                    ;
; Total registers                    ; 105                                       ;
; Total pins                         ; 8 / 166 ( 5 % )                           ;
; Total virtual pins                 ; 0                                         ;
; Total memory bits                  ; 384 / 516,096 ( < 1 % )                   ;
; Embedded Multiplier 9-bit elements ; 0 / 112 ( 0 % )                           ;
; Total PLLs                         ; 0 / 4 ( 0 % )                             ;
+------------------------------------+-------------------------------------------+


+-----------------------------------------+
; Flow Settings                           ;
+-------------------+---------------------+
; Option            ; Setting             ;
+-------------------+---------------------+
; Start date & time ; 11/20/2016 22:30:37 ;
; Main task         ; Compilation         ;
; Revision Name     ; UART_INTERFACE      ;
+-------------------+---------------------+


+--------------------------------------------------------------------------------------------------------------------------------------+
; Flow Non-Default Global Settings                                                                                                     ;
+-------------------------------------+---------------------------------------+----------------+----------------------+----------------+
; Assignment Name                     ; Value                                 ; Default Value  ; Entity Name          ; Section Id     ;
+-------------------------------------+---------------------------------------+----------------+----------------------+----------------+
; COMPILER_SIGNATURE_ID               ; 63464486974.147965223604560           ; --             ; --                   ; --             ;
; EDA_OUTPUT_DATA_FORMAT              ; Verilog Hdl                           ; --             ; --                   ; eda_simulation ;
; EDA_SIMULATION_TOOL                 ; ModelSim-Altera (Verilog)             ; <None>         ; --                   ; --             ;
; IP_TOOL_NAME                        ; FIFO                                  ; --             ; --                   ; --             ;
; IP_TOOL_NAME                        ; FIFO                                  ; --             ; --                   ; --             ;
; IP_TOOL_VERSION                     ; 12.1                                  ; --             ; --                   ; --             ;
; IP_TOOL_VERSION                     ; 12.1                                  ; --             ; --                   ; --             ;
; MAX_CORE_JUNCTION_TEMP              ; 85                                    ; --             ; --                   ; --             ;
; MIN_CORE_JUNCTION_TEMP              ; 0                                     ; --             ; --                   ; --             ;
; MISC_FILE                           ; SRC/RX_FIFO_MODULE.bsf                ; --             ; --                   ; --             ;
; MISC_FILE                           ; SRC/RX_FIFO_MODULE_inst.v             ; --             ; --                   ; --             ;
; MISC_FILE                           ; SRC/RX_FIFO_MODULE_bb.v               ; --             ; --                   ; --             ;
; MISC_FILE                           ; SRC/TX_FIFO_MODULE.bsf                ; --             ; --                   ; --             ;
; MISC_FILE                           ; SRC/TX_FIFO_MODULE_inst.v             ; --             ; --                   ; --             ;
; MISC_FILE                           ; SRC/TX_FIFO_MODULE_bb.v               ; --             ; --                   ; --             ;
; OUTPUT_IO_TIMING_FAR_END_VMEAS      ; Half Signal Swing                     ; --             ; --                   ; --             ;
; OUTPUT_IO_TIMING_FAR_END_VMEAS      ; Half Signal Swing                     ; --             ; --                   ; --             ;
; OUTPUT_IO_TIMING_NEAR_END_VMEAS     ; Half Vccio                            ; --             ; --                   ; --             ;
; OUTPUT_IO_TIMING_NEAR_END_VMEAS     ; Half Vccio                            ; --             ; --                   ; --             ;
; PARTITION_COLOR                     ; 16764057                              ; --             ; rx_tx_interface_demo ; Top            ;
; PARTITION_FITTER_PRESERVATION_LEVEL ; PLACEMENT_AND_ROUTING                 ; --             ; rx_tx_interface_demo ; Top            ;
; PARTITION_NETLIST_TYPE              ; SOURCE                                ; --             ; rx_tx_interface_demo ; Top            ;
; POWER_BOARD_THERMAL_MODEL           ; None (CONSERVATIVE)                   ; --             ; --                   ; --             ;
; POWER_PRESET_COOLING_SOLUTION       ; 23 MM HEAT SINK WITH 200 LFPM AIRFLOW ; --             ; --                   ; --             ;
; PROJECT_OUTPUT_DIRECTORY            ; output_files                          ; --             ; --                   ; --             ;
; TOP_LEVEL_ENTITY                    ; rx_tx_interface_demo                  ; UART_INTERFACE ; --                   ; --             ;
+-------------------------------------+---------------------------------------+----------------+----------------------+----------------+


+-------------------------------------------------------------------------------------------------------------------------------+
; Flow Elapsed Time                                                                                                             ;
+---------------------------+--------------+-------------------------+---------------------+------------------------------------+
; Module Name               ; Elapsed Time ; Average Processors Used ; Peak Virtual Memory ; Total CPU Time (on all processors) ;
+---------------------------+--------------+-------------------------+---------------------+------------------------------------+
; Analysis & Synthesis      ; 00:00:03     ; 1.0                     ; 449 MB              ; 00:00:03                           ;
; Fitter                    ; 00:00:07     ; 3.3                     ; 702 MB              ; 00:00:08                           ;
; Assembler                 ; 00:00:01     ; 1.0                     ; 414 MB              ; 00:00:01                           ;
; TimeQuest Timing Analyzer ; 00:00:02     ; 1.0                     ; 461 MB              ; 00:00:02                           ;
; EDA Netlist Writer        ; 00:00:01     ; 1.0                     ; 372 MB              ; 00:00:01                           ;
; Total                     ; 00:00:14     ; --                      ; --                  ; 00:00:15                           ;
+---------------------------+--------------+-------------------------+---------------------+------------------------------------+


+----------------------------------------------------------------------------------------+
; Flow OS Summary                                                                        ;
+---------------------------+------------------+-----------+------------+----------------+
; Module Name               ; Machine Hostname ; OS Name   ; OS Version ; Processor type ;
+---------------------------+------------------+-----------+------------+----------------+
; Analysis & Synthesis      ; NMRCabbage-PC    ; Windows 7 ; 6.1        ; x86_64         ;
; Fitter                    ; NMRCabbage-PC    ; Windows 7 ; 6.1        ; x86_64         ;
; Assembler                 ; NMRCabbage-PC    ; Windows 7 ; 6.1        ; x86_64         ;
; TimeQuest Timing Analyzer ; NMRCabbage-PC    ; Windows 7 ; 6.1        ; x86_64         ;
; EDA Netlist Writer        ; NMRCabbage-PC    ; Windows 7 ; 6.1        ; x86_64         ;
+---------------------------+------------------+-----------+------------+----------------+


------------
; Flow Log ;
------------
quartus_map --read_settings_files=on --write_settings_files=off UART_INTERFACE -c UART_INTERFACE
quartus_fit --read_settings_files=off --write_settings_files=off UART_INTERFACE -c UART_INTERFACE
quartus_asm --read_settings_files=off --write_settings_files=off UART_INTERFACE -c UART_INTERFACE
quartus_sta UART_INTERFACE -c UART_INTERFACE
quartus_eda --read_settings_files=off --write_settings_files=off UART_INTERFACE -c UART_INTERFACE



