Analysis & Synthesis report for UART_INTERFACE
Sun Nov 20 22:30:39 2016
Quartus II 64-Bit Version 12.1 Build 177 11/07/2012 SJ Full Version


---------------------
; Table of Contents ;
---------------------
  1. Legal Notice
  2. Analysis & Synthesis Summary
  3. Analysis & Synthesis Settings
  4. Parallel Compilation
  5. Analysis & Synthesis Source Files Read
  6. Analysis & Synthesis Resource Usage Summary
  7. Analysis & Synthesis Resource Utilization by Entity
  8. Analysis & Synthesis RAM Summary
  9. Analysis & Synthesis IP Cores Summary
 10. General Register Statistics
 11. Inverted Register Statistics
 12. Multiplexer Restructuring Statistics (Restructuring Performed)
 13. Source assignments for RX_INTERFACE:U1|RX_FIFO_MODULE:U3|scfifo:scfifo_component|scfifo_uj71:auto_generated|a_dpfifo_5q71:dpfifo|altsyncram_knf1:FIFOram
 14. Source assignments for TX_INTERFACE:U3|TX_FIFO_MODULE:U1|scfifo:scfifo_component|scfifo_vj71:auto_generated|a_dpfifo_6q71:dpfifo|altsyncram_mnf1:FIFOram
 15. Parameter Settings for User Entity Instance: RX_INTERFACE:U1|RX_FIFO_MODULE:U3|scfifo:scfifo_component
 16. Parameter Settings for User Entity Instance: inter_ctl_module:U2
 17. Parameter Settings for User Entity Instance: TX_INTERFACE:U3|TX_FIFO_MODULE:U1|scfifo:scfifo_component
 18. scfifo Parameter Settings by Entity Instance
 19. Elapsed Time Per Partition
 20. Analysis & Synthesis Messages



----------------
; Legal Notice ;
----------------
Copyright (C) 1991-2012 Altera Corporation
Your use of Altera Corporation's design tools, logic functions 
and other software and tools, and its AMPP partner logic 
functions, and any output files from any of the foregoing 
(including device programming or simulation files), and any 
associated documentation or information are expressly subject 
to the terms and conditions of the Altera Program License 
Subscription Agreement, Altera MegaCore Function License 
Agreement, or other applicable license agreement, including, 
without limitation, that your use is for the sole purpose of 
programming logic devices manufactured by Altera and sold by 
Altera or its authorized distributors.  Please refer to the 
applicable agreement for further details.



+--------------------------------------------------------------------------------+
; Analysis & Synthesis Summary                                                   ;
+------------------------------------+-------------------------------------------+
; Analysis & Synthesis Status        ; Successful - Sun Nov 20 22:30:39 2016     ;
; Quartus II 64-Bit Version          ; 12.1 Build 177 11/07/2012 SJ Full Version ;
; Revision Name                      ; UART_INTERFACE                            ;
; Top-level Entity Name              ; rx_tx_interface_demo                      ;
; Family                             ; Cyclone IV E                              ;
; Total logic elements               ; 183                                       ;
;     Total combinational functions  ; 182                                       ;
;     Dedicated logic registers      ; 105                                       ;
; Total registers                    ; 105                                       ;
; Total pins                         ; 8                                         ;
; Total virtual pins                 ; 0                                         ;
; Total memory bits                  ; 384                                       ;
; Embedded Multiplier 9-bit elements ; 0                                         ;
; Total PLLs                         ; 0                                         ;
+------------------------------------+-------------------------------------------+


+------------------------------------------------------------------------------------------------------------------------+
; Analysis & Synthesis Settings                                                                                          ;
+----------------------------------------------------------------------------+----------------------+--------------------+
; Option                                                                     ; Setting              ; Default Value      ;
+----------------------------------------------------------------------------+----------------------+--------------------+
; Device                                                                     ; EP4CE15F17C8         ;                    ;
; Top-level entity name                                                      ; rx_tx_interface_demo ; UART_INTERFACE     ;
; Family name                                                                ; Cyclone IV E         ; Cyclone IV GX      ;
; Use smart compilation                                                      ; Off                  ; Off                ;
; Enable parallel Assembler and TimeQuest Timing Analyzer during compilation ; On                   ; On                 ;
; Enable compact report table                                                ; Off                  ; Off                ;
; Restructure Multiplexers                                                   ; Auto                 ; Auto               ;
; Create Debugging Nodes for IP Cores                                        ; Off                  ; Off                ;
; Preserve fewer node names                                                  ; On                   ; On                 ;
; Disable OpenCore Plus hardware evaluation                                  ; Off                  ; Off                ;
; Verilog Version                                                            ; Verilog_2001         ; Verilog_2001       ;
; VHDL Version                                                               ; VHDL_1993            ; VHDL_1993          ;
; State Machine Processing                                                   ; Auto                 ; Auto               ;
; Safe State Machine                                                         ; Off                  ; Off                ;
; Extract Verilog State Machines                                             ; On                   ; On                 ;
; Extract VHDL State Machines                                                ; On                   ; On                 ;
; Ignore Verilog initial constructs                                          ; Off                  ; Off                ;
; Iteration limit for constant Verilog loops                                 ; 5000                 ; 5000               ;
; Iteration limit for non-constant Verilog loops                             ; 250                  ; 250                ;
; Add Pass-Through Logic to Inferred RAMs                                    ; On                   ; On                 ;
; Infer RAMs from Raw Logic                                                  ; On                   ; On                 ;
; Parallel Synthesis                                                         ; On                   ; On                 ;
; DSP Block Balancing                                                        ; Auto                 ; Auto               ;
; NOT Gate Push-Back                                                         ; On                   ; On                 ;
; Power-Up Don't Care                                                        ; On                   ; On                 ;
; Remove Redundant Logic Cells                                               ; Off                  ; Off                ;
; Remove Duplicate Registers                                                 ; On                   ; On                 ;
; Ignore CARRY Buffers                                                       ; Off                  ; Off                ;
; Ignore CASCADE Buffers                                                     ; Off                  ; Off                ;
; Ignore GLOBAL Buffers                                                      ; Off                  ; Off                ;
; Ignore ROW GLOBAL Buffers                                                  ; Off                  ; Off                ;
; Ignore LCELL Buffers                                                       ; Off                  ; Off                ;
; Ignore SOFT Buffers                                                        ; On                   ; On                 ;
; Limit AHDL Integers to 32 Bits                                             ; Off                  ; Off                ;
; Optimization Technique                                                     ; Balanced             ; Balanced           ;
; Carry Chain Length                                                         ; 70                   ; 70                 ;
; Auto Carry Chains                                                          ; On                   ; On                 ;
; Auto Open-Drain Pins                                                       ; On                   ; On                 ;
; Perform WYSIWYG Primitive Resynthesis                                      ; Off                  ; Off                ;
; Auto ROM Replacement                                                       ; On                   ; On                 ;
; Auto RAM Replacement                                                       ; On                   ; On                 ;
; Auto DSP Block Replacement                                                 ; On                   ; On                 ;
; Auto Shift Register Replacement                                            ; Auto                 ; Auto               ;
; Allow Shift Register Merging across Hierarchies                            ; Auto                 ; Auto               ;
; Auto Clock Enable Replacement                                              ; On                   ; On                 ;
; Strict RAM Replacement                                                     ; Off                  ; Off                ;
; Allow Synchronous Control Signals                                          ; On                   ; On                 ;
; Force Use of Synchronous Clear Signals                                     ; Off                  ; Off                ;
; Auto RAM Block Balancing                                                   ; On                   ; On                 ;
; Auto RAM to Logic Cell Conversion                                          ; Off                  ; Off                ;
; Auto Resource Sharing                                                      ; Off                  ; Off                ;
; Allow Any RAM Size For Recognition                                         ; Off                  ; Off                ;
; Allow Any ROM Size For Recognition                                         ; Off                  ; Off                ;
; Allow Any Shift Register Size For Recognition                              ; Off                  ; Off                ;
; Use LogicLock Constraints during Resource Balancing                        ; On                   ; On                 ;
; Ignore translate_off and synthesis_off directives                          ; Off                  ; Off                ;
; Timing-Driven Synthesis                                                    ; On                   ; On                 ;
; Report Parameter Settings                                                  ; On                   ; On                 ;
; Report Source Assignments                                                  ; On                   ; On                 ;
; Report Connectivity Checks                                                 ; On                   ; On                 ;
; Ignore Maximum Fan-Out Assignments                                         ; Off                  ; Off                ;
; Synchronization Register Chain Length                                      ; 2                    ; 2                  ;
; PowerPlay Power Optimization                                               ; Normal compilation   ; Normal compilation ;
; HDL message level                                                          ; Level2               ; Level2             ;
; Suppress Register Optimization Related Messages                            ; Off                  ; Off                ;
; Number of Removed Registers Reported in Synthesis Report                   ; 5000                 ; 5000               ;
; Number of Swept Nodes Reported in Synthesis Report                         ; 5000                 ; 5000               ;
; Number of Inverted Registers Reported in Synthesis Report                  ; 100                  ; 100                ;
; Clock MUX Protection                                                       ; On                   ; On                 ;
; Auto Gated Clock Conversion                                                ; Off                  ; Off                ;
; Block Design Naming                                                        ; Auto                 ; Auto               ;
; SDC constraint protection                                                  ; Off                  ; Off                ;
; Synthesis Effort                                                           ; Auto                 ; Auto               ;
; Shift Register Replacement - Allow Asynchronous Clear Signal               ; On                   ; On                 ;
; Pre-Mapping Resynthesis Optimization                                       ; Off                  ; Off                ;
; Analysis & Synthesis Message Level                                         ; Medium               ; Medium             ;
; Disable Register Merging Across Hierarchies                                ; Auto                 ; Auto               ;
; Resource Aware Inference For Block RAM                                     ; On                   ; On                 ;
; Synthesis Seed                                                             ; 1                    ; 1                  ;
+----------------------------------------------------------------------------+----------------------+--------------------+


+------------------------------------------+
; Parallel Compilation                     ;
+----------------------------+-------------+
; Processors                 ; Number      ;
+----------------------------+-------------+
; Number detected on machine ; 4           ;
; Maximum allowed            ; 4           ;
;                            ;             ;
; Average used               ; 1.00        ;
; Maximum used               ; 1           ;
;                            ;             ;
; Usage by Processor         ; % Time Used ;
;     1 processor            ; 100.0%      ;
;     2-4 processors         ;   0.0%      ;
+----------------------------+-------------+


+-------------------------------------------------------------------------------------------------------------------------------------------------------------------------+
; Analysis & Synthesis Source Files Read                                                                                                                                  ;
+----------------------------------+-----------------+------------------------------+---------------------------------------------------------------------------+---------+
; File Name with User-Entered Path ; Used in Netlist ; File Type                    ; File Name with Absolute Path                                              ; Library ;
+----------------------------------+-----------------+------------------------------+---------------------------------------------------------------------------+---------+
; SRC/RX_TOP_CTL_MODULE.v          ; yes             ; User Verilog HDL File        ; D:/FPGA_PROC/ALTERA_MODULE_PROC/UART_INTERFACE/SRC/RX_TOP_CTL_MODULE.v    ;         ;
; SRC/TX_TOP_CTL_MODULE.v          ; yes             ; User Verilog HDL File        ; D:/FPGA_PROC/ALTERA_MODULE_PROC/UART_INTERFACE/SRC/TX_TOP_CTL_MODULE.v    ;         ;
; SRC/TX_MODULE.v                  ; yes             ; User Verilog HDL File        ; D:/FPGA_PROC/ALTERA_MODULE_PROC/UART_INTERFACE/SRC/TX_MODULE.v            ;         ;
; SRC/TX_INTERFACE.v               ; yes             ; User Verilog HDL File        ; D:/FPGA_PROC/ALTERA_MODULE_PROC/UART_INTERFACE/SRC/TX_INTERFACE.v         ;         ;
; SRC/TX_CTL_MODULE.v              ; yes             ; User Verilog HDL File        ; D:/FPGA_PROC/ALTERA_MODULE_PROC/UART_INTERFACE/SRC/TX_CTL_MODULE.v        ;         ;
; SRC/TX_BPS_MODULE.v              ; yes             ; User Verilog HDL File        ; D:/FPGA_PROC/ALTERA_MODULE_PROC/UART_INTERFACE/SRC/TX_BPS_MODULE.v        ;         ;
; SRC/rx_tx_interface_demo.v       ; yes             ; User Verilog HDL File        ; D:/FPGA_PROC/ALTERA_MODULE_PROC/UART_INTERFACE/SRC/rx_tx_interface_demo.v ;         ;
; SRC/RX_MODULE.v                  ; yes             ; User Verilog HDL File        ; D:/FPGA_PROC/ALTERA_MODULE_PROC/UART_INTERFACE/SRC/RX_MODULE.v            ;         ;
; SRC/RX_INTERFACE.v               ; yes             ; User Verilog HDL File        ; D:/FPGA_PROC/ALTERA_MODULE_PROC/UART_INTERFACE/SRC/RX_INTERFACE.v         ;         ;
; SRC/RX_CTL_MODULE.v              ; yes             ; User Verilog HDL File        ; D:/FPGA_PROC/ALTERA_MODULE_PROC/UART_INTERFACE/SRC/RX_CTL_MODULE.v        ;         ;
; SRC/RX_BPS_MODULE.v              ; yes             ; User Verilog HDL File        ; D:/FPGA_PROC/ALTERA_MODULE_PROC/UART_INTERFACE/SRC/RX_BPS_MODULE.v        ;         ;
; SRC/inter_ctl_module.v           ; yes             ; User Verilog HDL File        ; D:/FPGA_PROC/ALTERA_MODULE_PROC/UART_INTERFACE/SRC/inter_ctl_module.v     ;         ;
; SRC/H2L_DETECT_MODULE.v          ; yes             ; User Verilog HDL File        ; D:/FPGA_PROC/ALTERA_MODULE_PROC/UART_INTERFACE/SRC/H2L_DETECT_MODULE.v    ;         ;
; SRC/RX_FIFO_MODULE.v             ; yes             ; User Wizard-Generated File   ; D:/FPGA_PROC/ALTERA_MODULE_PROC/UART_INTERFACE/SRC/RX_FIFO_MODULE.v       ;         ;
; SRC/TX_FIFO_MODULE.v             ; yes             ; User Wizard-Generated File   ; D:/FPGA_PROC/ALTERA_MODULE_PROC/UART_INTERFACE/SRC/TX_FIFO_MODULE.v       ;         ;
; scfifo.tdf                       ; yes             ; Megafunction                 ; d:/altera/12.1/quartus/libraries/megafunctions/scfifo.tdf                 ;         ;
; a_regfifo.inc                    ; yes             ; Megafunction                 ; d:/altera/12.1/quartus/libraries/megafunctions/a_regfifo.inc              ;         ;
; a_dpfifo.inc                     ; yes             ; Megafunction                 ; d:/altera/12.1/quartus/libraries/megafunctions/a_dpfifo.inc               ;         ;
; a_i2fifo.inc                     ; yes             ; Megafunction                 ; d:/altera/12.1/quartus/libraries/megafunctions/a_i2fifo.inc               ;         ;
; a_fffifo.inc                     ; yes             ; Megafunction                 ; d:/altera/12.1/quartus/libraries/megafunctions/a_fffifo.inc               ;         ;
; a_f2fifo.inc                     ; yes             ; Megafunction                 ; d:/altera/12.1/quartus/libraries/megafunctions/a_f2fifo.inc               ;         ;
; aglobal121.inc                   ; yes             ; Megafunction                 ; d:/altera/12.1/quartus/libraries/megafunctions/aglobal121.inc             ;         ;
; db/scfifo_uj71.tdf               ; yes             ; Auto-Generated Megafunction  ; D:/FPGA_PROC/ALTERA_MODULE_PROC/UART_INTERFACE/db/scfifo_uj71.tdf         ;         ;
; db/a_dpfifo_5q71.tdf             ; yes             ; Auto-Generated Megafunction  ; D:/FPGA_PROC/ALTERA_MODULE_PROC/UART_INTERFACE/db/a_dpfifo_5q71.tdf       ;         ;
; db/altsyncram_knf1.tdf           ; yes             ; Auto-Generated Megafunction  ; D:/FPGA_PROC/ALTERA_MODULE_PROC/UART_INTERFACE/db/altsyncram_knf1.tdf     ;         ;
; db/cmpr_is8.tdf                  ; yes             ; Auto-Generated Megafunction  ; D:/FPGA_PROC/ALTERA_MODULE_PROC/UART_INTERFACE/db/cmpr_is8.tdf            ;         ;
; db/cntr_t9b.tdf                  ; yes             ; Auto-Generated Megafunction  ; D:/FPGA_PROC/ALTERA_MODULE_PROC/UART_INTERFACE/db/cntr_t9b.tdf            ;         ;
; db/cntr_aa7.tdf                  ; yes             ; Auto-Generated Megafunction  ; D:/FPGA_PROC/ALTERA_MODULE_PROC/UART_INTERFACE/db/cntr_aa7.tdf            ;         ;
; db/cntr_u9b.tdf                  ; yes             ; Auto-Generated Megafunction  ; D:/FPGA_PROC/ALTERA_MODULE_PROC/UART_INTERFACE/db/cntr_u9b.tdf            ;         ;
; db/scfifo_vj71.tdf               ; yes             ; Auto-Generated Megafunction  ; D:/FPGA_PROC/ALTERA_MODULE_PROC/UART_INTERFACE/db/scfifo_vj71.tdf         ;         ;
; db/a_dpfifo_6q71.tdf             ; yes             ; Auto-Generated Megafunction  ; D:/FPGA_PROC/ALTERA_MODULE_PROC/UART_INTERFACE/db/a_dpfifo_6q71.tdf       ;         ;
; db/altsyncram_mnf1.tdf           ; yes             ; Auto-Generated Megafunction  ; D:/FPGA_PROC/ALTERA_MODULE_PROC/UART_INTERFACE/db/altsyncram_mnf1.tdf     ;         ;
; db/cmpr_hs8.tdf                  ; yes             ; Auto-Generated Megafunction  ; D:/FPGA_PROC/ALTERA_MODULE_PROC/UART_INTERFACE/db/cmpr_hs8.tdf            ;         ;
; db/cntr_s9b.tdf                  ; yes             ; Auto-Generated Megafunction  ; D:/FPGA_PROC/ALTERA_MODULE_PROC/UART_INTERFACE/db/cntr_s9b.tdf            ;         ;
; db/cntr_9a7.tdf                  ; yes             ; Auto-Generated Megafunction  ; D:/FPGA_PROC/ALTERA_MODULE_PROC/UART_INTERFACE/db/cntr_9a7.tdf            ;         ;
+----------------------------------+-----------------+------------------------------+---------------------------------------------------------------------------+---------+


+-----------------------------------------------------+
; Analysis & Synthesis Resource Usage Summary         ;
+---------------------------------------------+-------+
; Resource                                    ; Usage ;
+---------------------------------------------+-------+
; Estimated Total logic elements              ; 183   ;
;                                             ;       ;
; Total combinational functions               ; 182   ;
; Logic element usage by number of LUT inputs ;       ;
;     -- 4 input functions                    ; 94    ;
;     -- 3 input functions                    ; 27    ;
;     -- <=2 input functions                  ; 61    ;
;                                             ;       ;
; Logic elements by mode                      ;       ;
;     -- normal mode                          ; 139   ;
;     -- arithmetic mode                      ; 43    ;
;                                             ;       ;
; Total registers                             ; 105   ;
;     -- Dedicated logic registers            ; 105   ;
;     -- I/O registers                        ; 0     ;
;                                             ;       ;
; I/O pins                                    ; 8     ;
; Total memory bits                           ; 384   ;
; Embedded Multiplier 9-bit elements          ; 0     ;
; Maximum fan-out                             ; 121   ;
; Total fan-out                               ; 1119  ;
; Average fan-out                             ; 3.51  ;
+---------------------------------------------+-------+


+----------------------------------------------------------------------------------------------------------------------------------------------------------------------------------------------------------------------------------------------------------------------------------------------------------------------------------+
; Analysis & Synthesis Resource Utilization by Entity                                                                                                                                                                                                                                                                              ;
+---------------------------------------------+-------------------+--------------+-------------+--------------+---------+-----------+------+--------------+---------------------------------------------------------------------------------------------------------------------------------------------------------+--------------+
; Compilation Hierarchy Node                  ; LC Combinationals ; LC Registers ; Memory Bits ; DSP Elements ; DSP 9x9 ; DSP 18x18 ; Pins ; Virtual Pins ; Full Hierarchy Name                                                                                                                                     ; Library Name ;
+---------------------------------------------+-------------------+--------------+-------------+--------------+---------+-----------+------+--------------+---------------------------------------------------------------------------------------------------------------------------------------------------------+--------------+
; |rx_tx_interface_demo                       ; 182 (0)           ; 105 (0)      ; 384         ; 0            ; 0       ; 0         ; 8    ; 0            ; |rx_tx_interface_demo                                                                                                                                   ;              ;
;    |RX_INTERFACE:U1|                        ; 100 (0)           ; 57 (0)       ; 256         ; 0            ; 0       ; 0         ; 0    ; 0            ; |rx_tx_interface_demo|RX_INTERFACE:U1                                                                                                                   ;              ;
;       |RX_FIFO_MODULE:U3|                   ; 33 (0)            ; 24 (0)       ; 256         ; 0            ; 0       ; 0         ; 0    ; 0            ; |rx_tx_interface_demo|RX_INTERFACE:U1|RX_FIFO_MODULE:U3                                                                                                 ;              ;
;          |scfifo:scfifo_component|          ; 33 (0)            ; 24 (0)       ; 256         ; 0            ; 0       ; 0         ; 0    ; 0            ; |rx_tx_interface_demo|RX_INTERFACE:U1|RX_FIFO_MODULE:U3|scfifo:scfifo_component                                                                         ;              ;
;             |scfifo_uj71:auto_generated|    ; 33 (0)            ; 24 (0)       ; 256         ; 0            ; 0       ; 0         ; 0    ; 0            ; |rx_tx_interface_demo|RX_INTERFACE:U1|RX_FIFO_MODULE:U3|scfifo:scfifo_component|scfifo_uj71:auto_generated                                              ;              ;
;                |a_dpfifo_5q71:dpfifo|       ; 33 (19)           ; 24 (10)      ; 256         ; 0            ; 0       ; 0         ; 0    ; 0            ; |rx_tx_interface_demo|RX_INTERFACE:U1|RX_FIFO_MODULE:U3|scfifo:scfifo_component|scfifo_uj71:auto_generated|a_dpfifo_5q71:dpfifo                         ;              ;
;                   |altsyncram_knf1:FIFOram| ; 0 (0)             ; 0 (0)        ; 256         ; 0            ; 0       ; 0         ; 0    ; 0            ; |rx_tx_interface_demo|RX_INTERFACE:U1|RX_FIFO_MODULE:U3|scfifo:scfifo_component|scfifo_uj71:auto_generated|a_dpfifo_5q71:dpfifo|altsyncram_knf1:FIFOram ;              ;
;                   |cntr_aa7:usedw_counter|  ; 5 (5)             ; 5 (5)        ; 0           ; 0            ; 0       ; 0         ; 0    ; 0            ; |rx_tx_interface_demo|RX_INTERFACE:U1|RX_FIFO_MODULE:U3|scfifo:scfifo_component|scfifo_uj71:auto_generated|a_dpfifo_5q71:dpfifo|cntr_aa7:usedw_counter  ;              ;
;                   |cntr_t9b:rd_ptr_msb|     ; 4 (4)             ; 4 (4)        ; 0           ; 0            ; 0       ; 0         ; 0    ; 0            ; |rx_tx_interface_demo|RX_INTERFACE:U1|RX_FIFO_MODULE:U3|scfifo:scfifo_component|scfifo_uj71:auto_generated|a_dpfifo_5q71:dpfifo|cntr_t9b:rd_ptr_msb     ;              ;
;                   |cntr_u9b:wr_ptr|         ; 5 (5)             ; 5 (5)        ; 0           ; 0            ; 0       ; 0         ; 0    ; 0            ; |rx_tx_interface_demo|RX_INTERFACE:U1|RX_FIFO_MODULE:U3|scfifo:scfifo_component|scfifo_uj71:auto_generated|a_dpfifo_5q71:dpfifo|cntr_u9b:wr_ptr         ;              ;
;       |RX_MODULE:U1|                        ; 63 (0)            ; 29 (0)       ; 0           ; 0            ; 0       ; 0         ; 0    ; 0            ; |rx_tx_interface_demo|RX_INTERFACE:U1|RX_MODULE:U1                                                                                                      ;              ;
;          |H2L_DETECT_MODULE:U1|             ; 1 (1)             ; 2 (2)        ; 0           ; 0            ; 0       ; 0         ; 0    ; 0            ; |rx_tx_interface_demo|RX_INTERFACE:U1|RX_MODULE:U1|H2L_DETECT_MODULE:U1                                                                                 ;              ;
;          |RX_BPS_MODULE:U10|                ; 22 (22)           ; 13 (13)      ; 0           ; 0            ; 0       ; 0         ; 0    ; 0            ; |rx_tx_interface_demo|RX_INTERFACE:U1|RX_MODULE:U1|RX_BPS_MODULE:U10                                                                                    ;              ;
;          |RX_CTL_MODULE:U2|                 ; 40 (40)           ; 14 (14)      ; 0           ; 0            ; 0       ; 0         ; 0    ; 0            ; |rx_tx_interface_demo|RX_INTERFACE:U1|RX_MODULE:U1|RX_CTL_MODULE:U2                                                                                     ;              ;
;       |RX_TOP_CTL_MODULE:U2|                ; 4 (4)             ; 4 (4)        ; 0           ; 0            ; 0       ; 0         ; 0    ; 0            ; |rx_tx_interface_demo|RX_INTERFACE:U1|RX_TOP_CTL_MODULE:U2                                                                                              ;              ;
;    |TX_INTERFACE:U3|                        ; 76 (0)            ; 43 (0)       ; 128         ; 0            ; 0       ; 0         ; 0    ; 0            ; |rx_tx_interface_demo|TX_INTERFACE:U3                                                                                                                   ;              ;
;       |TX_FIFO_MODULE:U1|                   ; 27 (0)            ; 20 (0)       ; 128         ; 0            ; 0       ; 0         ; 0    ; 0            ; |rx_tx_interface_demo|TX_INTERFACE:U3|TX_FIFO_MODULE:U1                                                                                                 ;              ;
;          |scfifo:scfifo_component|          ; 27 (0)            ; 20 (0)       ; 128         ; 0            ; 0       ; 0         ; 0    ; 0            ; |rx_tx_interface_demo|TX_INTERFACE:U3|TX_FIFO_MODULE:U1|scfifo:scfifo_component                                                                         ;              ;
;             |scfifo_vj71:auto_generated|    ; 27 (0)            ; 20 (0)       ; 128         ; 0            ; 0       ; 0         ; 0    ; 0            ; |rx_tx_interface_demo|TX_INTERFACE:U3|TX_FIFO_MODULE:U1|scfifo:scfifo_component|scfifo_vj71:auto_generated                                              ;              ;
;                |a_dpfifo_6q71:dpfifo|       ; 27 (16)           ; 20 (9)       ; 128         ; 0            ; 0       ; 0         ; 0    ; 0            ; |rx_tx_interface_demo|TX_INTERFACE:U3|TX_FIFO_MODULE:U1|scfifo:scfifo_component|scfifo_vj71:auto_generated|a_dpfifo_6q71:dpfifo                         ;              ;
;                   |altsyncram_mnf1:FIFOram| ; 0 (0)             ; 0 (0)        ; 128         ; 0            ; 0       ; 0         ; 0    ; 0            ; |rx_tx_interface_demo|TX_INTERFACE:U3|TX_FIFO_MODULE:U1|scfifo:scfifo_component|scfifo_vj71:auto_generated|a_dpfifo_6q71:dpfifo|altsyncram_mnf1:FIFOram ;              ;
;                   |cntr_9a7:usedw_counter|  ; 4 (4)             ; 4 (4)        ; 0           ; 0            ; 0       ; 0         ; 0    ; 0            ; |rx_tx_interface_demo|TX_INTERFACE:U3|TX_FIFO_MODULE:U1|scfifo:scfifo_component|scfifo_vj71:auto_generated|a_dpfifo_6q71:dpfifo|cntr_9a7:usedw_counter  ;              ;
;                   |cntr_s9b:rd_ptr_msb|     ; 3 (3)             ; 3 (3)        ; 0           ; 0            ; 0       ; 0         ; 0    ; 0            ; |rx_tx_interface_demo|TX_INTERFACE:U3|TX_FIFO_MODULE:U1|scfifo:scfifo_component|scfifo_vj71:auto_generated|a_dpfifo_6q71:dpfifo|cntr_s9b:rd_ptr_msb     ;              ;
;                   |cntr_t9b:wr_ptr|         ; 4 (4)             ; 4 (4)        ; 0           ; 0            ; 0       ; 0         ; 0    ; 0            ; |rx_tx_interface_demo|TX_INTERFACE:U3|TX_FIFO_MODULE:U1|scfifo:scfifo_component|scfifo_vj71:auto_generated|a_dpfifo_6q71:dpfifo|cntr_t9b:wr_ptr         ;              ;
;       |TX_MODULE:U3|                        ; 45 (0)            ; 19 (0)       ; 0           ; 0            ; 0       ; 0         ; 0    ; 0            ; |rx_tx_interface_demo|TX_INTERFACE:U3|TX_MODULE:U3                                                                                                      ;              ;
;          |TX_BPS_MODULE:U1|                 ; 21 (21)           ; 13 (13)      ; 0           ; 0            ; 0       ; 0         ; 0    ; 0            ; |rx_tx_interface_demo|TX_INTERFACE:U3|TX_MODULE:U3|TX_BPS_MODULE:U1                                                                                     ;              ;
;          |TX_CTL_MODULE:U2|                 ; 24 (24)           ; 6 (6)        ; 0           ; 0            ; 0       ; 0         ; 0    ; 0            ; |rx_tx_interface_demo|TX_INTERFACE:U3|TX_MODULE:U3|TX_CTL_MODULE:U2                                                                                     ;              ;
;       |TX_TOP_CTL_MODULE:U2|                ; 4 (4)             ; 4 (4)        ; 0           ; 0            ; 0       ; 0         ; 0    ; 0            ; |rx_tx_interface_demo|TX_INTERFACE:U3|TX_TOP_CTL_MODULE:U2                                                                                              ;              ;
;    |inter_ctl_module:U2|                    ; 6 (6)             ; 5 (5)        ; 0           ; 0            ; 0       ; 0         ; 0    ; 0            ; |rx_tx_interface_demo|inter_ctl_module:U2                                                                                                               ;              ;
+---------------------------------------------+-------------------+--------------+-------------+--------------+---------+-----------+------+--------------+---------------------------------------------------------------------------------------------------------------------------------------------------------+--------------+
Note: For table entries with two numbers listed, the numbers in parentheses indicate the number of resources of the given type used by the specific entity alone. The numbers listed outside of parentheses indicate the total resources of the given type used by the specific entity and all of its sub-entities in the hierarchy.


+--------------------------------------------------------------------------------------------------------------------------------------------------------------------------------------------------------------------------------------------------+
; Analysis & Synthesis RAM Summary                                                                                                                                                                                                                 ;
+----------------------------------------------------------------------------------------------------------------------------------------------+------+------------------+--------------+--------------+--------------+--------------+------+------+
; Name                                                                                                                                         ; Type ; Mode             ; Port A Depth ; Port A Width ; Port B Depth ; Port B Width ; Size ; MIF  ;
+----------------------------------------------------------------------------------------------------------------------------------------------+------+------------------+--------------+--------------+--------------+--------------+------+------+
; RX_INTERFACE:U1|RX_FIFO_MODULE:U3|scfifo:scfifo_component|scfifo_uj71:auto_generated|a_dpfifo_5q71:dpfifo|altsyncram_knf1:FIFOram|ALTSYNCRAM ; M9K  ; Simple Dual Port ; 32           ; 8            ; 32           ; 8            ; 256  ; None ;
; TX_INTERFACE:U3|TX_FIFO_MODULE:U1|scfifo:scfifo_component|scfifo_vj71:auto_generated|a_dpfifo_6q71:dpfifo|altsyncram_mnf1:FIFOram|ALTSYNCRAM ; M9K  ; Simple Dual Port ; 16           ; 8            ; 16           ; 8            ; 128  ; None ;
+----------------------------------------------------------------------------------------------------------------------------------------------+------+------------------+--------------+--------------+--------------+--------------+------+------+


+-----------------------------------------------------------------------------------------------------------------------------------------------------------------------------------------------+
; Analysis & Synthesis IP Cores Summary                                                                                                                                                         ;
+--------+--------------+---------+--------------+--------------+---------------------------------------------------------+---------------------------------------------------------------------+
; Vendor ; IP Core Name ; Version ; Release Date ; License Type ; Entity Instance                                         ; IP Include File                                                     ;
+--------+--------------+---------+--------------+--------------+---------------------------------------------------------+---------------------------------------------------------------------+
; Altera ; FIFO         ; 12.1    ; N/A          ; N/A          ; |rx_tx_interface_demo|RX_INTERFACE:U1|RX_FIFO_MODULE:U3 ; D:/FPGA_PROC/ALTERA_MODULE_PROC/UART_INTERFACE/SRC/RX_FIFO_MODULE.v ;
; Altera ; FIFO         ; 12.1    ; N/A          ; N/A          ; |rx_tx_interface_demo|TX_INTERFACE:U3|TX_FIFO_MODULE:U1 ; D:/FPGA_PROC/ALTERA_MODULE_PROC/UART_INTERFACE/SRC/TX_FIFO_MODULE.v ;
+--------+--------------+---------+--------------+--------------+---------------------------------------------------------+---------------------------------------------------------------------+


+------------------------------------------------------+
; General Register Statistics                          ;
+----------------------------------------------+-------+
; Statistic                                    ; Value ;
+----------------------------------------------+-------+
; Total registers                              ; 105   ;
; Number of registers using Synchronous Clear  ; 26    ;
; Number of registers using Synchronous Load   ; 0     ;
; Number of registers using Asynchronous Clear ; 61    ;
; Number of registers using Asynchronous Load  ; 0     ;
; Number of registers using Clock Enable       ; 33    ;
; Number of registers using Preset             ; 0     ;
+----------------------------------------------+-------+


+--------------------------------------------------------------------+
; Inverted Register Statistics                                       ;
+----------------------------------------------------------+---------+
; Inverted Register                                        ; Fan out ;
+----------------------------------------------------------+---------+
; TX_INTERFACE:U3|TX_MODULE:U3|TX_CTL_MODULE:U2|rTX        ; 4       ;
; RX_INTERFACE:U1|RX_MODULE:U1|H2L_DETECT_MODULE:U1|H2L_F1 ; 2       ;
; RX_INTERFACE:U1|RX_MODULE:U1|H2L_DETECT_MODULE:U1|H2L_F2 ; 1       ;
; Total number of inverted registers = 3                   ;         ;
+----------------------------------------------------------+---------+


+--------------------------------------------------------------------------------------------------------------------------------------------------------------------------------------------------+
; Multiplexer Restructuring Statistics (Restructuring Performed)                                                                                                                                   ;
+--------------------+-----------+---------------+----------------------+------------------------+------------+------------------------------------------------------------------------------------+
; Multiplexer Inputs ; Bus Width ; Baseline Area ; Area if Restructured ; Saving if Restructured ; Registered ; Example Multiplexer Output                                                         ;
+--------------------+-----------+---------------+----------------------+------------------------+------------+------------------------------------------------------------------------------------+
; 3:1                ; 13 bits   ; 26 LEs        ; 13 LEs               ; 13 LEs                 ; Yes        ; |rx_tx_interface_demo|TX_INTERFACE:U3|TX_MODULE:U3|TX_BPS_MODULE:U1|Count_BPS[6]   ;
; 3:1                ; 13 bits   ; 26 LEs        ; 13 LEs               ; 13 LEs                 ; Yes        ; |rx_tx_interface_demo|RX_INTERFACE:U1|RX_MODULE:U1|RX_BPS_MODULE:U10|rCount_BPS[2] ;
; 6:1                ; 2 bits    ; 8 LEs         ; 4 LEs                ; 4 LEs                  ; Yes        ; |rx_tx_interface_demo|TX_INTERFACE:U3|TX_TOP_CTL_MODULE:U2|state_index[1]          ;
; 6:1                ; 2 bits    ; 8 LEs         ; 4 LEs                ; 4 LEs                  ; Yes        ; |rx_tx_interface_demo|RX_INTERFACE:U1|RX_TOP_CTL_MODULE:U2|state_index[0]          ;
; 10:1               ; 3 bits    ; 18 LEs        ; 15 LEs               ; 3 LEs                  ; Yes        ; |rx_tx_interface_demo|inter_ctl_module:U2|state_index[2]                           ;
; 11:1               ; 2 bits    ; 14 LEs        ; 8 LEs                ; 6 LEs                  ; Yes        ; |rx_tx_interface_demo|RX_INTERFACE:U1|RX_MODULE:U1|RX_CTL_MODULE:U2|state_index[1] ;
+--------------------+-----------+---------------+----------------------+------------------------+------------+------------------------------------------------------------------------------------+


+----------------------------------------------------------------------------------------------------------------------------------------------------------+
; Source assignments for RX_INTERFACE:U1|RX_FIFO_MODULE:U3|scfifo:scfifo_component|scfifo_uj71:auto_generated|a_dpfifo_5q71:dpfifo|altsyncram_knf1:FIFOram ;
+---------------------------------+--------------------+------+--------------------------------------------------------------------------------------------+
; Assignment                      ; Value              ; From ; To                                                                                         ;
+---------------------------------+--------------------+------+--------------------------------------------------------------------------------------------+
; OPTIMIZE_POWER_DURING_SYNTHESIS ; NORMAL_COMPILATION ; -    ; -                                                                                          ;
+---------------------------------+--------------------+------+--------------------------------------------------------------------------------------------+


+----------------------------------------------------------------------------------------------------------------------------------------------------------+
; Source assignments for TX_INTERFACE:U3|TX_FIFO_MODULE:U1|scfifo:scfifo_component|scfifo_vj71:auto_generated|a_dpfifo_6q71:dpfifo|altsyncram_mnf1:FIFOram ;
+---------------------------------+--------------------+------+--------------------------------------------------------------------------------------------+
; Assignment                      ; Value              ; From ; To                                                                                         ;
+---------------------------------+--------------------+------+--------------------------------------------------------------------------------------------+
; OPTIMIZE_POWER_DURING_SYNTHESIS ; NORMAL_COMPILATION ; -    ; -                                                                                          ;
+---------------------------------+--------------------+------+--------------------------------------------------------------------------------------------+


+--------------------------------------------------------------------------------------------------------+
; Parameter Settings for User Entity Instance: RX_INTERFACE:U1|RX_FIFO_MODULE:U3|scfifo:scfifo_component ;
+-------------------------+--------------+---------------------------------------------------------------+
; Parameter Name          ; Value        ; Type                                                          ;
+-------------------------+--------------+---------------------------------------------------------------+
; AUTO_CARRY_CHAINS       ; ON           ; AUTO_CARRY                                                    ;
; IGNORE_CARRY_BUFFERS    ; OFF          ; IGNORE_CARRY                                                  ;
; AUTO_CASCADE_CHAINS     ; ON           ; AUTO_CASCADE                                                  ;
; IGNORE_CASCADE_BUFFERS  ; OFF          ; IGNORE_CASCADE                                                ;
; lpm_width               ; 8            ; Signed Integer                                                ;
; LPM_NUMWORDS            ; 32           ; Signed Integer                                                ;
; LPM_WIDTHU              ; 5            ; Signed Integer                                                ;
; LPM_SHOWAHEAD           ; OFF          ; Untyped                                                       ;
; UNDERFLOW_CHECKING      ; ON           ; Untyped                                                       ;
; OVERFLOW_CHECKING       ; ON           ; Untyped                                                       ;
; ALLOW_RWCYCLE_WHEN_FULL ; OFF          ; Untyped                                                       ;
; ADD_RAM_OUTPUT_REGISTER ; ON           ; Untyped                                                       ;
; ALMOST_FULL_VALUE       ; 0            ; Untyped                                                       ;
; ALMOST_EMPTY_VALUE      ; 0            ; Untyped                                                       ;
; USE_EAB                 ; ON           ; Untyped                                                       ;
; MAXIMIZE_SPEED          ; 5            ; Untyped                                                       ;
; DEVICE_FAMILY           ; Cyclone IV E ; Untyped                                                       ;
; OPTIMIZE_FOR_SPEED      ; 5            ; Untyped                                                       ;
; CBXI_PARAMETER          ; scfifo_uj71  ; Untyped                                                       ;
+-------------------------+--------------+---------------------------------------------------------------+
Note: In order to hide this table in the UI and the text report file, please set the "Show Parameter Settings in Synthesis Report" option in "Analysis and Synthesis Settings -> More Settings" to "Off".


+------------------------------------------------------------------+
; Parameter Settings for User Entity Instance: inter_ctl_module:U2 ;
+----------------+-------+-----------------------------------------+
; Parameter Name ; Value ; Type                                    ;
+----------------+-------+-----------------------------------------+
; isTST          ; 0     ; Unsigned Binary                         ;
+----------------+-------+-----------------------------------------+
Note: In order to hide this table in the UI and the text report file, please set the "Show Parameter Settings in Synthesis Report" option in "Analysis and Synthesis Settings -> More Settings" to "Off".


+--------------------------------------------------------------------------------------------------------+
; Parameter Settings for User Entity Instance: TX_INTERFACE:U3|TX_FIFO_MODULE:U1|scfifo:scfifo_component ;
+-------------------------+--------------+---------------------------------------------------------------+
; Parameter Name          ; Value        ; Type                                                          ;
+-------------------------+--------------+---------------------------------------------------------------+
; AUTO_CARRY_CHAINS       ; ON           ; AUTO_CARRY                                                    ;
; IGNORE_CARRY_BUFFERS    ; OFF          ; IGNORE_CARRY                                                  ;
; AUTO_CASCADE_CHAINS     ; ON           ; AUTO_CASCADE                                                  ;
; IGNORE_CASCADE_BUFFERS  ; OFF          ; IGNORE_CASCADE                                                ;
; lpm_width               ; 8            ; Signed Integer                                                ;
; LPM_NUMWORDS            ; 16           ; Signed Integer                                                ;
; LPM_WIDTHU              ; 4            ; Signed Integer                                                ;
; LPM_SHOWAHEAD           ; OFF          ; Untyped                                                       ;
; UNDERFLOW_CHECKING      ; ON           ; Untyped                                                       ;
; OVERFLOW_CHECKING       ; ON           ; Untyped                                                       ;
; ALLOW_RWCYCLE_WHEN_FULL ; OFF          ; Untyped                                                       ;
; ADD_RAM_OUTPUT_REGISTER ; ON           ; Untyped                                                       ;
; ALMOST_FULL_VALUE       ; 0            ; Untyped                                                       ;
; ALMOST_EMPTY_VALUE      ; 0            ; Untyped                                                       ;
; USE_EAB                 ; ON           ; Untyped                                                       ;
; MAXIMIZE_SPEED          ; 5            ; Untyped                                                       ;
; DEVICE_FAMILY           ; Cyclone IV E ; Untyped                                                       ;
; OPTIMIZE_FOR_SPEED      ; 5            ; Untyped                                                       ;
; CBXI_PARAMETER          ; scfifo_vj71  ; Untyped                                                       ;
+-------------------------+--------------+---------------------------------------------------------------+
Note: In order to hide this table in the UI and the text report file, please set the "Show Parameter Settings in Synthesis Report" option in "Analysis and Synthesis Settings -> More Settings" to "Off".


+----------------------------------------------------------------------------------------+
; scfifo Parameter Settings by Entity Instance                                           ;
+----------------------------+-----------------------------------------------------------+
; Name                       ; Value                                                     ;
+----------------------------+-----------------------------------------------------------+
; Number of entity instances ; 2                                                         ;
; Entity Instance            ; RX_INTERFACE:U1|RX_FIFO_MODULE:U3|scfifo:scfifo_component ;
;     -- FIFO Type           ; Single Clock                                              ;
;     -- lpm_width           ; 8                                                         ;
;     -- LPM_NUMWORDS        ; 32                                                        ;
;     -- LPM_SHOWAHEAD       ; OFF                                                       ;
;     -- USE_EAB             ; ON                                                        ;
; Entity Instance            ; TX_INTERFACE:U3|TX_FIFO_MODULE:U1|scfifo:scfifo_component ;
;     -- FIFO Type           ; Single Clock                                              ;
;     -- lpm_width           ; 8                                                         ;
;     -- LPM_NUMWORDS        ; 16                                                        ;
;     -- LPM_SHOWAHEAD       ; OFF                                                       ;
;     -- USE_EAB             ; ON                                                        ;
+----------------------------+-----------------------------------------------------------+


+-------------------------------+
; Elapsed Time Per Partition    ;
+----------------+--------------+
; Partition Name ; Elapsed Time ;
+----------------+--------------+
; Top            ; 00:00:01     ;
+----------------+--------------+


+-------------------------------+
; Analysis & Synthesis Messages ;
+-------------------------------+
Info: *******************************************************************
Info: Running Quartus II 64-Bit Analysis & Synthesis
    Info: Version 12.1 Build 177 11/07/2012 SJ Full Version
    Info: Processing started: Sun Nov 20 22:30:36 2016
Info: Command: quartus_map --read_settings_files=on --write_settings_files=off UART_INTERFACE -c UART_INTERFACE
Info (20030): Parallel compilation is enabled and will use 4 of the 4 processors detected
Info (12021): Found 1 design units, including 1 entities, in source file src/rx_top_ctl_module.v
    Info (12023): Found entity 1: RX_TOP_CTL_MODULE
Info (12021): Found 1 design units, including 1 entities, in source file src/tx_top_ctl_module.v
    Info (12023): Found entity 1: TX_TOP_CTL_MODULE
Info (12021): Found 1 design units, including 1 entities, in source file src/tx_module.v
    Info (12023): Found entity 1: TX_MODULE
Info (12021): Found 1 design units, including 1 entities, in source file src/tx_interface.v
    Info (12023): Found entity 1: TX_INTERFACE
Info (12021): Found 1 design units, including 1 entities, in source file src/tx_ctl_module.v
    Info (12023): Found entity 1: TX_CTL_MODULE
Info (12021): Found 1 design units, including 1 entities, in source file src/tx_bps_module.v
    Info (12023): Found entity 1: TX_BPS_MODULE
Info (12021): Found 1 design units, including 1 entities, in source file src/rx_tx_interface_demo.v
    Info (12023): Found entity 1: rx_tx_interface_demo
Info (12021): Found 1 design units, including 1 entities, in source file src/rx_module.v
    Info (12023): Found entity 1: RX_MODULE
Info (12021): Found 1 design units, including 1 entities, in source file src/rx_interface.v
    Info (12023): Found entity 1: RX_INTERFACE
Info (12021): Found 1 design units, including 1 entities, in source file src/rx_ctl_module.v
    Info (12023): Found entity 1: RX_CTL_MODULE
Info (12021): Found 1 design units, including 1 entities, in source file src/rx_bps_module.v
    Info (12023): Found entity 1: RX_BPS_MODULE
Info (12021): Found 1 design units, including 1 entities, in source file src/inter_ctl_module.v
    Info (12023): Found entity 1: inter_ctl_module
Info (12021): Found 1 design units, including 1 entities, in source file src/h2l_detect_module.v
    Info (12023): Found entity 1: H2L_DETECT_MODULE
Info (12021): Found 1 design units, including 1 entities, in source file src/rx_fifo_module.v
    Info (12023): Found entity 1: RX_FIFO_MODULE
Info (12021): Found 1 design units, including 1 entities, in source file src/tx_fifo_module.v
    Info (12023): Found entity 1: TX_FIFO_MODULE
Info (12127): Elaborating entity "rx_tx_interface_demo" for the top level hierarchy
Info (12128): Elaborating entity "RX_INTERFACE" for hierarchy "RX_INTERFACE:U1"
Info (12128): Elaborating entity "RX_MODULE" for hierarchy "RX_INTERFACE:U1|RX_MODULE:U1"
Info (12128): Elaborating entity "H2L_DETECT_MODULE" for hierarchy "RX_INTERFACE:U1|RX_MODULE:U1|H2L_DETECT_MODULE:U1"
Info (12128): Elaborating entity "RX_BPS_MODULE" for hierarchy "RX_INTERFACE:U1|RX_MODULE:U1|RX_BPS_MODULE:U10"
Info (12128): Elaborating entity "RX_CTL_MODULE" for hierarchy "RX_INTERFACE:U1|RX_MODULE:U1|RX_CTL_MODULE:U2"
Warning (10036): Verilog HDL or VHDL warning at RX_CTL_MODULE.v(38): object "rLED" assigned a value but never read
Info (12128): Elaborating entity "RX_TOP_CTL_MODULE" for hierarchy "RX_INTERFACE:U1|RX_TOP_CTL_MODULE:U2"
Info (12128): Elaborating entity "RX_FIFO_MODULE" for hierarchy "RX_INTERFACE:U1|RX_FIFO_MODULE:U3"
Info (12128): Elaborating entity "scfifo" for hierarchy "RX_INTERFACE:U1|RX_FIFO_MODULE:U3|scfifo:scfifo_component"
Info (12130): Elaborated megafunction instantiation "RX_INTERFACE:U1|RX_FIFO_MODULE:U3|scfifo:scfifo_component"
Info (12133): Instantiated megafunction "RX_INTERFACE:U1|RX_FIFO_MODULE:U3|scfifo:scfifo_component" with the following parameter:
    Info (12134): Parameter "add_ram_output_register" = "ON"
    Info (12134): Parameter "intended_device_family" = "Cyclone IV E"
    Info (12134): Parameter "lpm_hint" = "RAM_BLOCK_TYPE=M9K"
    Info (12134): Parameter "lpm_numwords" = "32"
    Info (12134): Parameter "lpm_showahead" = "OFF"
    Info (12134): Parameter "lpm_type" = "scfifo"
    Info (12134): Parameter "lpm_width" = "8"
    Info (12134): Parameter "lpm_widthu" = "5"
    Info (12134): Parameter "overflow_checking" = "ON"
    Info (12134): Parameter "underflow_checking" = "ON"
    Info (12134): Parameter "use_eab" = "ON"
Info (12021): Found 1 design units, including 1 entities, in source file db/scfifo_uj71.tdf
    Info (12023): Found entity 1: scfifo_uj71
Info (12128): Elaborating entity "scfifo_uj71" for hierarchy "RX_INTERFACE:U1|RX_FIFO_MODULE:U3|scfifo:scfifo_component|scfifo_uj71:auto_generated"
Info (12021): Found 1 design units, including 1 entities, in source file db/a_dpfifo_5q71.tdf
    Info (12023): Found entity 1: a_dpfifo_5q71
Info (12128): Elaborating entity "a_dpfifo_5q71" for hierarchy "RX_INTERFACE:U1|RX_FIFO_MODULE:U3|scfifo:scfifo_component|scfifo_uj71:auto_generated|a_dpfifo_5q71:dpfifo"
Info (12021): Found 1 design units, including 1 entities, in source file db/altsyncram_knf1.tdf
    Info (12023): Found entity 1: altsyncram_knf1
Info (12128): Elaborating entity "altsyncram_knf1" for hierarchy "RX_INTERFACE:U1|RX_FIFO_MODULE:U3|scfifo:scfifo_component|scfifo_uj71:auto_generated|a_dpfifo_5q71:dpfifo|altsyncram_knf1:FIFOram"
Info (12021): Found 1 design units, including 1 entities, in source file db/cmpr_is8.tdf
    Info (12023): Found entity 1: cmpr_is8
Info (12128): Elaborating entity "cmpr_is8" for hierarchy "RX_INTERFACE:U1|RX_FIFO_MODULE:U3|scfifo:scfifo_component|scfifo_uj71:auto_generated|a_dpfifo_5q71:dpfifo|cmpr_is8:almost_full_comparer"
Info (12128): Elaborating entity "cmpr_is8" for hierarchy "RX_INTERFACE:U1|RX_FIFO_MODULE:U3|scfifo:scfifo_component|scfifo_uj71:auto_generated|a_dpfifo_5q71:dpfifo|cmpr_is8:two_comparison"
Info (12021): Found 1 design units, including 1 entities, in source file db/cntr_t9b.tdf
    Info (12023): Found entity 1: cntr_t9b
Info (12128): Elaborating entity "cntr_t9b" for hierarchy "RX_INTERFACE:U1|RX_FIFO_MODULE:U3|scfifo:scfifo_component|scfifo_uj71:auto_generated|a_dpfifo_5q71:dpfifo|cntr_t9b:rd_ptr_msb"
Info (12021): Found 1 design units, including 1 entities, in source file db/cntr_aa7.tdf
    Info (12023): Found entity 1: cntr_aa7
Info (12128): Elaborating entity "cntr_aa7" for hierarchy "RX_INTERFACE:U1|RX_FIFO_MODULE:U3|scfifo:scfifo_component|scfifo_uj71:auto_generated|a_dpfifo_5q71:dpfifo|cntr_aa7:usedw_counter"
Info (12021): Found 1 design units, including 1 entities, in source file db/cntr_u9b.tdf
    Info (12023): Found entity 1: cntr_u9b
Info (12128): Elaborating entity "cntr_u9b" for hierarchy "RX_INTERFACE:U1|RX_FIFO_MODULE:U3|scfifo:scfifo_component|scfifo_uj71:auto_generated|a_dpfifo_5q71:dpfifo|cntr_u9b:wr_ptr"
Info (12128): Elaborating entity "inter_ctl_module" for hierarchy "inter_ctl_module:U2"
Info (12128): Elaborating entity "TX_INTERFACE" for hierarchy "TX_INTERFACE:U3"
Info (12128): Elaborating entity "TX_FIFO_MODULE" for hierarchy "TX_INTERFACE:U3|TX_FIFO_MODULE:U1"
Info (12128): Elaborating entity "scfifo" for hierarchy "TX_INTERFACE:U3|TX_FIFO_MODULE:U1|scfifo:scfifo_component"
Info (12130): Elaborated megafunction instantiation "TX_INTERFACE:U3|TX_FIFO_MODULE:U1|scfifo:scfifo_component"
Info (12133): Instantiated megafunction "TX_INTERFACE:U3|TX_FIFO_MODULE:U1|scfifo:scfifo_component" with the following parameter:
    Info (12134): Parameter "add_ram_output_register" = "ON"
    Info (12134): Parameter "intended_device_family" = "Cyclone IV E"
    Info (12134): Parameter "lpm_hint" = "RAM_BLOCK_TYPE=M9K"
    Info (12134): Parameter "lpm_numwords" = "16"
    Info (12134): Parameter "lpm_showahead" = "OFF"
    Info (12134): Parameter "lpm_type" = "scfifo"
    Info (12134): Parameter "lpm_width" = "8"
    Info (12134): Parameter "lpm_widthu" = "4"
    Info (12134): Parameter "overflow_checking" = "ON"
    Info (12134): Parameter "underflow_checking" = "ON"
    Info (12134): Parameter "use_eab" = "ON"
Info (12021): Found 1 design units, including 1 entities, in source file db/scfifo_vj71.tdf
    Info (12023): Found entity 1: scfifo_vj71
Info (12128): Elaborating entity "scfifo_vj71" for hierarchy "TX_INTERFACE:U3|TX_FIFO_MODULE:U1|scfifo:scfifo_component|scfifo_vj71:auto_generated"
Info (12021): Found 1 design units, including 1 entities, in source file db/a_dpfifo_6q71.tdf
    Info (12023): Found entity 1: a_dpfifo_6q71
Info (12128): Elaborating entity "a_dpfifo_6q71" for hierarchy "TX_INTERFACE:U3|TX_FIFO_MODULE:U1|scfifo:scfifo_component|scfifo_vj71:auto_generated|a_dpfifo_6q71:dpfifo"
Info (12021): Found 1 design units, including 1 entities, in source file db/altsyncram_mnf1.tdf
    Info (12023): Found entity 1: altsyncram_mnf1
Info (12128): Elaborating entity "altsyncram_mnf1" for hierarchy "TX_INTERFACE:U3|TX_FIFO_MODULE:U1|scfifo:scfifo_component|scfifo_vj71:auto_generated|a_dpfifo_6q71:dpfifo|altsyncram_mnf1:FIFOram"
Info (12021): Found 1 design units, including 1 entities, in source file db/cmpr_hs8.tdf
    Info (12023): Found entity 1: cmpr_hs8
Info (12128): Elaborating entity "cmpr_hs8" for hierarchy "TX_INTERFACE:U3|TX_FIFO_MODULE:U1|scfifo:scfifo_component|scfifo_vj71:auto_generated|a_dpfifo_6q71:dpfifo|cmpr_hs8:almost_full_comparer"
Info (12128): Elaborating entity "cmpr_hs8" for hierarchy "TX_INTERFACE:U3|TX_FIFO_MODULE:U1|scfifo:scfifo_component|scfifo_vj71:auto_generated|a_dpfifo_6q71:dpfifo|cmpr_hs8:two_comparison"
Info (12021): Found 1 design units, including 1 entities, in source file db/cntr_s9b.tdf
    Info (12023): Found entity 1: cntr_s9b
Info (12128): Elaborating entity "cntr_s9b" for hierarchy "TX_INTERFACE:U3|TX_FIFO_MODULE:U1|scfifo:scfifo_component|scfifo_vj71:auto_generated|a_dpfifo_6q71:dpfifo|cntr_s9b:rd_ptr_msb"
Info (12021): Found 1 design units, including 1 entities, in source file db/cntr_9a7.tdf
    Info (12023): Found entity 1: cntr_9a7
Info (12128): Elaborating entity "cntr_9a7" for hierarchy "TX_INTERFACE:U3|TX_FIFO_MODULE:U1|scfifo:scfifo_component|scfifo_vj71:auto_generated|a_dpfifo_6q71:dpfifo|cntr_9a7:usedw_counter"
Info (12128): Elaborating entity "TX_TOP_CTL_MODULE" for hierarchy "TX_INTERFACE:U3|TX_TOP_CTL_MODULE:U2"
Info (12128): Elaborating entity "TX_MODULE" for hierarchy "TX_INTERFACE:U3|TX_MODULE:U3"
Info (12128): Elaborating entity "TX_BPS_MODULE" for hierarchy "TX_INTERFACE:U3|TX_MODULE:U3|TX_BPS_MODULE:U1"
Info (12128): Elaborating entity "TX_CTL_MODULE" for hierarchy "TX_INTERFACE:U3|TX_MODULE:U3|TX_CTL_MODULE:U2"
Info (13000): Registers with preset signals will power-up high
Info (13003): DEV_CLRn pin will set, and not reset, register with preset signal due to NOT Gate Push-Back
Info (286030): Timing-Driven Synthesis is running
Info (16010): Generating hard_block partition "hard_block:auto_generated_inst"
    Info (16011): Adding 0 node(s), including 0 DDIO, 0 PLL, 0 transceiver and 0 LCELL
Info (21057): Implemented 220 device resources after synthesis - the final resource count might be different
    Info (21058): Implemented 3 input pins
    Info (21059): Implemented 5 output pins
    Info (21061): Implemented 196 logic cells
    Info (21064): Implemented 16 RAM segments
Info: Quartus II 64-Bit Analysis & Synthesis was successful. 0 errors, 1 warning
    Info: Peak virtual memory: 449 megabytes
    Info: Processing ended: Sun Nov 20 22:30:39 2016
    Info: Elapsed time: 00:00:03
    Info: Total CPU time (on all processors): 00:00:03


