Flow report for SPI_LCD_12864
Fri Nov 18 19:34:49 2016
Quartus II 64-Bit Version 12.1 Build 177 11/07/2012 SJ Full Version


---------------------
; Table of Contents ;
---------------------
  1. Legal Notice
  2. Flow Summary
  3. Flow Settings
  4. Flow Non-Default Global Settings
  5. Flow Elapsed Time
  6. Flow OS Summary
  7. Flow Log



----------------
; Legal Notice ;
----------------
Copyright (C) 1991-2012 Altera Corporation
Your use of Altera Corporation's design tools, logic functions 
and other software and tools, and its AMPP partner logic 
functions, and any output files from any of the foregoing 
(including device programming or simulation files), and any 
associated documentation or information are expressly subject 
to the terms and conditions of the Altera Program License 
Subscription Agreement, Altera MegaCore Function License 
Agreement, or other applicable license agreement, including, 
without limitation, that your use is for the sole purpose of 
programming logic devices manufactured by Altera and sold by 
Altera or its authorized distributors.  Please refer to the 
applicable agreement for further details.



+--------------------------------------------------------------------------------+
; Flow Summary                                                                   ;
+------------------------------------+-------------------------------------------+
; Flow Status                        ; Successful - Fri Nov 18 19:34:49 2016     ;
; Quartus II 64-Bit Version          ; 12.1 Build 177 11/07/2012 SJ Full Version ;
; Revision Name                      ; SPI_LCD_12864                             ;
; Top-level Entity Name              ; top_module                                ;
; Family                             ; Cyclone IV E                              ;
; Device                             ; EP4CE15F17C8                              ;
; Timing Models                      ; Final                                     ;
; Total logic elements               ; N/A until Partition Merge                 ;
;     Total combinational functions  ; N/A until Partition Merge                 ;
;     Dedicated logic registers      ; N/A until Partition Merge                 ;
; Total registers                    ; N/A until Partition Merge                 ;
; Total pins                         ; N/A until Partition Merge                 ;
; Total virtual pins                 ; N/A until Partition Merge                 ;
; Total memory bits                  ; N/A until Partition Merge                 ;
; Embedded Multiplier 9-bit elements ; N/A until Partition Merge                 ;
; Total PLLs                         ; N/A until Partition Merge                 ;
+------------------------------------+-------------------------------------------+


+-----------------------------------------+
; Flow Settings                           ;
+-------------------+---------------------+
; Option            ; Setting             ;
+-------------------+---------------------+
; Start date & time ; 11/16/2016 21:36:20 ;
; Main task         ; Compilation         ;
; Revision Name     ; SPI_LCD_12864       ;
+-------------------+---------------------+


+----------------------------------------------------------------------------------------------------------------------------+
; Flow Non-Default Global Settings                                                                                           ;
+-------------------------------------+---------------------------------------+---------------+-------------+----------------+
; Assignment Name                     ; Value                                 ; Default Value ; Entity Name ; Section Id     ;
+-------------------------------------+---------------------------------------+---------------+-------------+----------------+
; COMPILER_SIGNATURE_ID               ; 63464486974.147930338002772           ; --            ; --          ; --             ;
; EDA_OUTPUT_DATA_FORMAT              ; Verilog Hdl                           ; --            ; --          ; eda_simulation ;
; EDA_SIMULATION_TOOL                 ; ModelSim-Altera (Verilog)             ; <None>        ; --          ; --             ;
; IP_TOOL_NAME                        ; ROM: 1-PORT                           ; --            ; --          ; --             ;
; IP_TOOL_VERSION                     ; 12.1                                  ; --            ; --          ; --             ;
; MAX_CORE_JUNCTION_TEMP              ; 85                                    ; --            ; --          ; --             ;
; MIN_CORE_JUNCTION_TEMP              ; 0                                     ; --            ; --          ; --             ;
; MISC_FILE                           ; ROM_inst.v                            ; --            ; --          ; --             ;
; MISC_FILE                           ; ROM_bb.v                              ; --            ; --          ; --             ;
; OUTPUT_IO_TIMING_FAR_END_VMEAS      ; Half Signal Swing                     ; --            ; --          ; --             ;
; OUTPUT_IO_TIMING_FAR_END_VMEAS      ; Half Signal Swing                     ; --            ; --          ; --             ;
; OUTPUT_IO_TIMING_NEAR_END_VMEAS     ; Half Vccio                            ; --            ; --          ; --             ;
; OUTPUT_IO_TIMING_NEAR_END_VMEAS     ; Half Vccio                            ; --            ; --          ; --             ;
; PARTITION_COLOR                     ; 16764057                              ; --            ; top_module  ; Top            ;
; PARTITION_FITTER_PRESERVATION_LEVEL ; PLACEMENT_AND_ROUTING                 ; --            ; top_module  ; Top            ;
; PARTITION_NETLIST_TYPE              ; SOURCE                                ; --            ; top_module  ; Top            ;
; POWER_BOARD_THERMAL_MODEL           ; None (CONSERVATIVE)                   ; --            ; --          ; --             ;
; POWER_PRESET_COOLING_SOLUTION       ; 23 MM HEAT SINK WITH 200 LFPM AIRFLOW ; --            ; --          ; --             ;
; PROJECT_OUTPUT_DIRECTORY            ; output_files                          ; --            ; --          ; --             ;
; TOP_LEVEL_ENTITY                    ; top_module                            ; SPI_LCD_12864 ; --          ; --             ;
+-------------------------------------+---------------------------------------+---------------+-------------+----------------+


+-------------------------------------------------------------------------------------------------------------------------------+
; Flow Elapsed Time                                                                                                             ;
+---------------------------+--------------+-------------------------+---------------------+------------------------------------+
; Module Name               ; Elapsed Time ; Average Processors Used ; Peak Virtual Memory ; Total CPU Time (on all processors) ;
+---------------------------+--------------+-------------------------+---------------------+------------------------------------+
; Analysis & Synthesis      ; 00:00:01     ; 1.0                     ; 439 MB              ; 00:00:01                           ;
; Fitter                    ; 00:00:05     ; 1.0                     ; 691 MB              ; 00:00:05                           ;
; Assembler                 ; 00:00:02     ; 1.0                     ; 413 MB              ; 00:00:01                           ;
; TimeQuest Timing Analyzer ; 00:00:02     ; 1.0                     ; 449 MB              ; 00:00:02                           ;
; EDA Netlist Writer        ; 00:00:01     ; 1.0                     ; 362 MB              ; 00:00:01                           ;
; Analysis & Synthesis      ; 00:00:06     ; 1.6                     ; 511 MB              ; 00:00:07                           ;
; Partition Merge           ; 00:00:00     ; 1.0                     ; 425 MB              ; 00:00:01                           ;
; Fitter                    ; 00:00:07     ; 1.0                     ; 700 MB              ; 00:00:07                           ;
; Assembler                 ; 00:00:01     ; 1.0                     ; 415 MB              ; 00:00:01                           ;
; TimeQuest Timing Analyzer ; 00:00:03     ; 1.0                     ; 478 MB              ; 00:00:02                           ;
; EDA Netlist Writer        ; 00:00:01     ; 1.0                     ; 383 MB              ; 00:00:01                           ;
; Analysis & Synthesis      ; 00:00:06     ; 1.6                     ; 516 MB              ; 00:00:07                           ;
; Partition Merge           ; 00:00:01     ; 1.0                     ; 425 MB              ; 00:00:01                           ;
; Fitter                    ; 00:00:06     ; 1.0                     ; 708 MB              ; 00:00:07                           ;
; Assembler                 ; 00:00:01     ; 1.0                     ; 419 MB              ; 00:00:01                           ;
; TimeQuest Timing Analyzer ; 00:00:02     ; 1.0                     ; 465 MB              ; 00:00:02                           ;
; EDA Netlist Writer        ; 00:00:02     ; 1.0                     ; 383 MB              ; 00:00:01                           ;
; Analysis & Synthesis      ; 00:00:05     ; 1.6                     ; 508 MB              ; 00:00:06                           ;
; Partition Merge           ; 00:00:01     ; 1.0                     ; 425 MB              ; 00:00:01                           ;
; Fitter                    ; 00:00:06     ; 1.0                     ; 711 MB              ; 00:00:07                           ;
; Assembler                 ; 00:00:01     ; 1.0                     ; 415 MB              ; 00:00:01                           ;
; TimeQuest Timing Analyzer ; 00:00:02     ; 1.0                     ; 464 MB              ; 00:00:02                           ;
; EDA Netlist Writer        ; 00:00:02     ; 1.0                     ; 388 MB              ; 00:00:01                           ;
; Analysis & Synthesis      ; 00:00:04     ; 1.0                     ; 514 MB              ; 00:00:04                           ;
; Analysis & Synthesis      ; 00:00:02     ; 1.0                     ; 503 MB              ; 00:00:03                           ;
; Analysis & Synthesis      ; 00:00:02     ; 1.0                     ; 503 MB              ; 00:00:03                           ;
; Analysis & Synthesis      ; 00:00:02     ; 1.0                     ; 503 MB              ; 00:00:03                           ;
; Analysis & Synthesis      ; 00:00:03     ; 1.0                     ; 503 MB              ; 00:00:03                           ;
; Analysis & Synthesis      ; 00:00:06     ; 2.6                     ; 504 MB              ; 00:00:08                           ;
; Partition Merge           ; 00:00:00     ; 1.0                     ; 425 MB              ; 00:00:01                           ;
; Fitter                    ; 00:00:07     ; 1.0                     ; 712 MB              ; 00:00:07                           ;
; Assembler                 ; 00:00:01     ; 1.0                     ; 419 MB              ; 00:00:01                           ;
; TimeQuest Timing Analyzer ; 00:00:03     ; 1.0                     ; 466 MB              ; 00:00:02                           ;
; EDA Netlist Writer        ; 00:00:01     ; 1.0                     ; 388 MB              ; 00:00:01                           ;
; Analysis & Synthesis      ; 00:00:06     ; 1.6                     ; 508 MB              ; 00:00:07                           ;
; Partition Merge           ; 00:00:01     ; 1.0                     ; 425 MB              ; 00:00:01                           ;
; Fitter                    ; 00:00:07     ; 1.0                     ; 711 MB              ; 00:00:07                           ;
; Assembler                 ; 00:00:01     ; 1.0                     ; 415 MB              ; 00:00:01                           ;
; TimeQuest Timing Analyzer ; 00:00:02     ; 1.0                     ; 466 MB              ; 00:00:02                           ;
; EDA Netlist Writer        ; 00:00:02     ; 1.0                     ; 383 MB              ; 00:00:01                           ;
; Analysis & Synthesis      ; 00:00:06     ; 1.7                     ; 508 MB              ; 00:00:07                           ;
; Partition Merge           ; 00:00:01     ; 1.0                     ; 425 MB              ; 00:00:01                           ;
; Fitter                    ; 00:00:07     ; 3.3                     ; 711 MB              ; 00:00:08                           ;
; Assembler                 ; 00:00:01     ; 1.0                     ; 411 MB              ; 00:00:01                           ;
; TimeQuest Timing Analyzer ; 00:00:03     ; 1.0                     ; 473 MB              ; 00:00:02                           ;
; EDA Netlist Writer        ; 00:00:01     ; 1.0                     ; 383 MB              ; 00:00:02                           ;
; Analysis & Synthesis      ; 00:00:01     ; 1.0                     ; 424 MB              ; 00:00:01                           ;
; Analysis & Synthesis      ; 00:00:01     ; 1.0                     ; 422 MB              ; 00:00:01                           ;
; Analysis & Synthesis      ; 00:00:00     ; 1.0                     ; 422 MB              ; 00:00:01                           ;
; Analysis & Synthesis      ; 00:00:07     ; 1.7                     ; 503 MB              ; 00:00:08                           ;
; Partition Merge           ; 00:00:01     ; 1.0                     ; 425 MB              ; 00:00:01                           ;
; Fitter                    ; 00:00:08     ; 2.2                     ; 707 MB              ; 00:00:08                           ;
; Assembler                 ; 00:00:02     ; 1.0                     ; 411 MB              ; 00:00:01                           ;
; TimeQuest Timing Analyzer ; 00:00:02     ; 1.0                     ; 470 MB              ; 00:00:02                           ;
; EDA Netlist Writer        ; 00:00:01     ; 1.0                     ; 383 MB              ; 00:00:02                           ;
; Analysis & Synthesis      ; 00:00:06     ; 1.6                     ; 508 MB              ; 00:00:07                           ;
; Partition Merge           ; 00:00:01     ; 1.0                     ; 425 MB              ; 00:00:01                           ;
; Fitter                    ; 00:00:06     ; 2.2                     ; 708 MB              ; 00:00:08                           ;
; Assembler                 ; 00:00:01     ; 1.0                     ; 411 MB              ; 00:00:01                           ;
; TimeQuest Timing Analyzer ; 00:00:02     ; 1.0                     ; 473 MB              ; 00:00:02                           ;
; EDA Netlist Writer        ; 00:00:02     ; 1.0                     ; 383 MB              ; 00:00:02                           ;
; Analysis & Synthesis      ; 00:00:05     ; 1.8                     ; 506 MB              ; 00:00:07                           ;
; Partition Merge           ; 00:00:01     ; 1.0                     ; 425 MB              ; 00:00:01                           ;
; Fitter                    ; 00:00:07     ; 2.8                     ; 708 MB              ; 00:00:08                           ;
; Assembler                 ; 00:00:01     ; 1.0                     ; 411 MB              ; 00:00:01                           ;
; TimeQuest Timing Analyzer ; 00:00:02     ; 1.0                     ; 473 MB              ; 00:00:02                           ;
; EDA Netlist Writer        ; 00:00:02     ; 1.0                     ; 383 MB              ; 00:00:02                           ;
; Analysis & Synthesis      ; 00:00:07     ; 1.5                     ; 505 MB              ; 00:00:08                           ;
; Partition Merge           ; 00:00:01     ; 1.0                     ; 425 MB              ; 00:00:01                           ;
; Fitter                    ; 00:00:07     ; 1.0                     ; 708 MB              ; 00:00:08                           ;
; Assembler                 ; 00:00:02     ; 1.0                     ; 415 MB              ; 00:00:01                           ;
; TimeQuest Timing Analyzer ; 00:00:02     ; 1.0                     ; 471 MB              ; 00:00:03                           ;
; EDA Netlist Writer        ; 00:00:01     ; 1.0                     ; 383 MB              ; 00:00:02                           ;
; Analysis & Synthesis      ; 00:00:06     ; 1.8                     ; 508 MB              ; 00:00:07                           ;
; Partition Merge           ; 00:00:01     ; 1.0                     ; 425 MB              ; 00:00:01                           ;
; Fitter                    ; 00:00:08     ; 1.0                     ; 708 MB              ; 00:00:08                           ;
; Assembler                 ; 00:00:01     ; 1.0                     ; 411 MB              ; 00:00:01                           ;
; TimeQuest Timing Analyzer ; 00:00:03     ; 1.0                     ; 471 MB              ; 00:00:03                           ;
; EDA Netlist Writer        ; 00:00:01     ; 1.0                     ; 383 MB              ; 00:00:02                           ;
; Analysis & Synthesis      ; 00:00:06     ; 1.8                     ; 505 MB              ; 00:00:07                           ;
; Partition Merge           ; 00:00:01     ; 1.0                     ; 425 MB              ; 00:00:01                           ;
; Fitter                    ; 00:00:07     ; 1.0                     ; 708 MB              ; 00:00:07                           ;
; Assembler                 ; 00:00:01     ; 1.0                     ; 411 MB              ; 00:00:01                           ;
; TimeQuest Timing Analyzer ; 00:00:03     ; 1.0                     ; 473 MB              ; 00:00:02                           ;
; EDA Netlist Writer        ; 00:00:01     ; 1.0                     ; 383 MB              ; 00:00:02                           ;
; Analysis & Elaboration    ; 00:00:04     ; 1.0                     ; 505 MB              ; 00:00:04                           ;
; Total                     ; 00:04:15     ; --                      ; --                  ; 00:04:38                           ;
+---------------------------+--------------+-------------------------+---------------------+------------------------------------+


+----------------------------------------------------------------------------------------+
; Flow OS Summary                                                                        ;
+---------------------------+------------------+-----------+------------+----------------+
; Module Name               ; Machine Hostname ; OS Name   ; OS Version ; Processor type ;
+---------------------------+------------------+-----------+------------+----------------+
; Analysis & Synthesis      ; NMRCabbage-PC    ; Windows 7 ; 6.1        ; x86_64         ;
; Fitter                    ; NMRCabbage-PC    ; Windows 7 ; 6.1        ; x86_64         ;
; Assembler                 ; NMRCabbage-PC    ; Windows 7 ; 6.1        ; x86_64         ;
; TimeQuest Timing Analyzer ; NMRCabbage-PC    ; Windows 7 ; 6.1        ; x86_64         ;
; EDA Netlist Writer        ; NMRCabbage-PC    ; Windows 7 ; 6.1        ; x86_64         ;
; Analysis & Synthesis      ; NMRCabbage-PC    ; Windows 7 ; 6.1        ; x86_64         ;
; Partition Merge           ; NMRCabbage-PC    ; Windows 7 ; 6.1        ; x86_64         ;
; Fitter                    ; NMRCabbage-PC    ; Windows 7 ; 6.1        ; x86_64         ;
; Assembler                 ; NMRCabbage-PC    ; Windows 7 ; 6.1        ; x86_64         ;
; TimeQuest Timing Analyzer ; NMRCabbage-PC    ; Windows 7 ; 6.1        ; x86_64         ;
; EDA Netlist Writer        ; NMRCabbage-PC    ; Windows 7 ; 6.1        ; x86_64         ;
; Analysis & Synthesis      ; NMRCabbage-PC    ; Windows 7 ; 6.1        ; x86_64         ;
; Partition Merge           ; NMRCabbage-PC    ; Windows 7 ; 6.1        ; x86_64         ;
; Fitter                    ; NMRCabbage-PC    ; Windows 7 ; 6.1        ; x86_64         ;
; Assembler                 ; NMRCabbage-PC    ; Windows 7 ; 6.1        ; x86_64         ;
; TimeQuest Timing Analyzer ; NMRCabbage-PC    ; Windows 7 ; 6.1        ; x86_64         ;
; EDA Netlist Writer        ; NMRCabbage-PC    ; Windows 7 ; 6.1        ; x86_64         ;
; Analysis & Synthesis      ; NMRCabbage-PC    ; Windows 7 ; 6.1        ; x86_64         ;
; Partition Merge           ; NMRCabbage-PC    ; Windows 7 ; 6.1        ; x86_64         ;
; Fitter                    ; NMRCabbage-PC    ; Windows 7 ; 6.1        ; x86_64         ;
; Assembler                 ; NMRCabbage-PC    ; Windows 7 ; 6.1        ; x86_64         ;
; TimeQuest Timing Analyzer ; NMRCabbage-PC    ; Windows 7 ; 6.1        ; x86_64         ;
; EDA Netlist Writer        ; NMRCabbage-PC    ; Windows 7 ; 6.1        ; x86_64         ;
; Analysis & Synthesis      ; NMRCabbage-PC    ; Windows 7 ; 6.1        ; x86_64         ;
; Analysis & Synthesis      ; NMRCabbage-PC    ; Windows 7 ; 6.1        ; x86_64         ;
; Analysis & Synthesis      ; NMRCabbage-PC    ; Windows 7 ; 6.1        ; x86_64         ;
; Analysis & Synthesis      ; NMRCabbage-PC    ; Windows 7 ; 6.1        ; x86_64         ;
; Analysis & Synthesis      ; NMRCabbage-PC    ; Windows 7 ; 6.1        ; x86_64         ;
; Analysis & Synthesis      ; NMRCabbage-PC    ; Windows 7 ; 6.1        ; x86_64         ;
; Partition Merge           ; NMRCabbage-PC    ; Windows 7 ; 6.1        ; x86_64         ;
; Fitter                    ; NMRCabbage-PC    ; Windows 7 ; 6.1        ; x86_64         ;
; Assembler                 ; NMRCabbage-PC    ; Windows 7 ; 6.1        ; x86_64         ;
; TimeQuest Timing Analyzer ; NMRCabbage-PC    ; Windows 7 ; 6.1        ; x86_64         ;
; EDA Netlist Writer        ; NMRCabbage-PC    ; Windows 7 ; 6.1        ; x86_64         ;
; Analysis & Synthesis      ; NMRCabbage-PC    ; Windows 7 ; 6.1        ; x86_64         ;
; Partition Merge           ; NMRCabbage-PC    ; Windows 7 ; 6.1        ; x86_64         ;
; Fitter                    ; NMRCabbage-PC    ; Windows 7 ; 6.1        ; x86_64         ;
; Assembler                 ; NMRCabbage-PC    ; Windows 7 ; 6.1        ; x86_64         ;
; TimeQuest Timing Analyzer ; NMRCabbage-PC    ; Windows 7 ; 6.1        ; x86_64         ;
; EDA Netlist Writer        ; NMRCabbage-PC    ; Windows 7 ; 6.1        ; x86_64         ;
; Analysis & Synthesis      ; NMRCabbage-PC    ; Windows 7 ; 6.1        ; x86_64         ;
; Partition Merge           ; NMRCabbage-PC    ; Windows 7 ; 6.1        ; x86_64         ;
; Fitter                    ; NMRCabbage-PC    ; Windows 7 ; 6.1        ; x86_64         ;
; Assembler                 ; NMRCabbage-PC    ; Windows 7 ; 6.1        ; x86_64         ;
; TimeQuest Timing Analyzer ; NMRCabbage-PC    ; Windows 7 ; 6.1        ; x86_64         ;
; EDA Netlist Writer        ; NMRCabbage-PC    ; Windows 7 ; 6.1        ; x86_64         ;
; Analysis & Synthesis      ; NMRCabbage-PC    ; Windows 7 ; 6.1        ; x86_64         ;
; Analysis & Synthesis      ; NMRCabbage-PC    ; Windows 7 ; 6.1        ; x86_64         ;
; Analysis & Synthesis      ; NMRCabbage-PC    ; Windows 7 ; 6.1        ; x86_64         ;
; Analysis & Synthesis      ; NMRCabbage-PC    ; Windows 7 ; 6.1        ; x86_64         ;
; Partition Merge           ; NMRCabbage-PC    ; Windows 7 ; 6.1        ; x86_64         ;
; Fitter                    ; NMRCabbage-PC    ; Windows 7 ; 6.1        ; x86_64         ;
; Assembler                 ; NMRCabbage-PC    ; Windows 7 ; 6.1        ; x86_64         ;
; TimeQuest Timing Analyzer ; NMRCabbage-PC    ; Windows 7 ; 6.1        ; x86_64         ;
; EDA Netlist Writer        ; NMRCabbage-PC    ; Windows 7 ; 6.1        ; x86_64         ;
; Analysis & Synthesis      ; NMRCabbage-PC    ; Windows 7 ; 6.1        ; x86_64         ;
; Partition Merge           ; NMRCabbage-PC    ; Windows 7 ; 6.1        ; x86_64         ;
; Fitter                    ; NMRCabbage-PC    ; Windows 7 ; 6.1        ; x86_64         ;
; Assembler                 ; NMRCabbage-PC    ; Windows 7 ; 6.1        ; x86_64         ;
; TimeQuest Timing Analyzer ; NMRCabbage-PC    ; Windows 7 ; 6.1        ; x86_64         ;
; EDA Netlist Writer        ; NMRCabbage-PC    ; Windows 7 ; 6.1        ; x86_64         ;
; Analysis & Synthesis      ; NMRCabbage-PC    ; Windows 7 ; 6.1        ; x86_64         ;
; Partition Merge           ; NMRCabbage-PC    ; Windows 7 ; 6.1        ; x86_64         ;
; Fitter                    ; NMRCabbage-PC    ; Windows 7 ; 6.1        ; x86_64         ;
; Assembler                 ; NMRCabbage-PC    ; Windows 7 ; 6.1        ; x86_64         ;
; TimeQuest Timing Analyzer ; NMRCabbage-PC    ; Windows 7 ; 6.1        ; x86_64         ;
; EDA Netlist Writer        ; NMRCabbage-PC    ; Windows 7 ; 6.1        ; x86_64         ;
; Analysis & Synthesis      ; NMRCabbage-PC    ; Windows 7 ; 6.1        ; x86_64         ;
; Partition Merge           ; NMRCabbage-PC    ; Windows 7 ; 6.1        ; x86_64         ;
; Fitter                    ; NMRCabbage-PC    ; Windows 7 ; 6.1        ; x86_64         ;
; Assembler                 ; NMRCabbage-PC    ; Windows 7 ; 6.1        ; x86_64         ;
; TimeQuest Timing Analyzer ; NMRCabbage-PC    ; Windows 7 ; 6.1        ; x86_64         ;
; EDA Netlist Writer        ; NMRCabbage-PC    ; Windows 7 ; 6.1        ; x86_64         ;
; Analysis & Synthesis      ; NMRCabbage-PC    ; Windows 7 ; 6.1        ; x86_64         ;
; Partition Merge           ; NMRCabbage-PC    ; Windows 7 ; 6.1        ; x86_64         ;
; Fitter                    ; NMRCabbage-PC    ; Windows 7 ; 6.1        ; x86_64         ;
; Assembler                 ; NMRCabbage-PC    ; Windows 7 ; 6.1        ; x86_64         ;
; TimeQuest Timing Analyzer ; NMRCabbage-PC    ; Windows 7 ; 6.1        ; x86_64         ;
; EDA Netlist Writer        ; NMRCabbage-PC    ; Windows 7 ; 6.1        ; x86_64         ;
; Analysis & Synthesis      ; NMRCabbage-PC    ; Windows 7 ; 6.1        ; x86_64         ;
; Partition Merge           ; NMRCabbage-PC    ; Windows 7 ; 6.1        ; x86_64         ;
; Fitter                    ; NMRCabbage-PC    ; Windows 7 ; 6.1        ; x86_64         ;
; Assembler                 ; NMRCabbage-PC    ; Windows 7 ; 6.1        ; x86_64         ;
; TimeQuest Timing Analyzer ; NMRCabbage-PC    ; Windows 7 ; 6.1        ; x86_64         ;
; EDA Netlist Writer        ; NMRCabbage-PC    ; Windows 7 ; 6.1        ; x86_64         ;
; Analysis & Elaboration    ; NMRCabbage-PC    ; Windows 7 ; 6.1        ; x86_64         ;
+---------------------------+------------------+-----------+------------+----------------+


------------
; Flow Log ;
------------
quartus_map --read_settings_files=on --write_settings_files=off SPI_LCD_12864 -c SPI_LCD_12864
quartus_fit --read_settings_files=off --write_settings_files=off SPI_LCD_12864 -c SPI_LCD_12864
quartus_asm --read_settings_files=off --write_settings_files=off SPI_LCD_12864 -c SPI_LCD_12864
quartus_sta SPI_LCD_12864 -c SPI_LCD_12864
quartus_eda --read_settings_files=off --write_settings_files=off SPI_LCD_12864 -c SPI_LCD_12864
quartus_map --read_settings_files=on --write_settings_files=off SPI_LCD_12864 -c SPI_LCD_12864
quartus_cdb --read_settings_files=off --write_settings_files=off SPI_LCD_12864 -c SPI_LCD_12864 --merge=on
quartus_fit --read_settings_files=off --write_settings_files=off SPI_LCD_12864 -c SPI_LCD_12864
quartus_asm --read_settings_files=off --write_settings_files=off SPI_LCD_12864 -c SPI_LCD_12864
quartus_sta SPI_LCD_12864 -c SPI_LCD_12864
quartus_eda --read_settings_files=off --write_settings_files=off SPI_LCD_12864 -c SPI_LCD_12864
quartus_map --read_settings_files=on --write_settings_files=off SPI_LCD_12864 -c SPI_LCD_12864
quartus_cdb --read_settings_files=off --write_settings_files=off SPI_LCD_12864 -c SPI_LCD_12864 --merge=on
quartus_fit --read_settings_files=off --write_settings_files=off SPI_LCD_12864 -c SPI_LCD_12864
quartus_asm --read_settings_files=off --write_settings_files=off SPI_LCD_12864 -c SPI_LCD_12864
quartus_sta SPI_LCD_12864 -c SPI_LCD_12864
quartus_eda --read_settings_files=off --write_settings_files=off SPI_LCD_12864 -c SPI_LCD_12864
quartus_map --read_settings_files=on --write_settings_files=off SPI_LCD_12864 -c SPI_LCD_12864
quartus_cdb --read_settings_files=off --write_settings_files=off SPI_LCD_12864 -c SPI_LCD_12864 --merge=on
quartus_fit --read_settings_files=off --write_settings_files=off SPI_LCD_12864 -c SPI_LCD_12864
quartus_asm --read_settings_files=off --write_settings_files=off SPI_LCD_12864 -c SPI_LCD_12864
quartus_sta SPI_LCD_12864 -c SPI_LCD_12864
quartus_eda --read_settings_files=off --write_settings_files=off SPI_LCD_12864 -c SPI_LCD_12864
quartus_map --read_settings_files=on --write_settings_files=off SPI_LCD_12864 -c SPI_LCD_12864
quartus_map --read_settings_files=on --write_settings_files=off SPI_LCD_12864 -c SPI_LCD_12864
quartus_map --read_settings_files=on --write_settings_files=off SPI_LCD_12864 -c SPI_LCD_12864
quartus_map --read_settings_files=on --write_settings_files=off SPI_LCD_12864 -c SPI_LCD_12864
quartus_map --read_settings_files=on --write_settings_files=off SPI_LCD_12864 -c SPI_LCD_12864
quartus_map --read_settings_files=on --write_settings_files=off SPI_LCD_12864 -c SPI_LCD_12864
quartus_cdb --read_settings_files=off --write_settings_files=off SPI_LCD_12864 -c SPI_LCD_12864 --merge=on
quartus_fit --read_settings_files=off --write_settings_files=off SPI_LCD_12864 -c SPI_LCD_12864
quartus_asm --read_settings_files=off --write_settings_files=off SPI_LCD_12864 -c SPI_LCD_12864
quartus_sta SPI_LCD_12864 -c SPI_LCD_12864
quartus_eda --read_settings_files=off --write_settings_files=off SPI_LCD_12864 -c SPI_LCD_12864
quartus_map --read_settings_files=on --write_settings_files=off SPI_LCD_12864 -c SPI_LCD_12864
quartus_cdb --read_settings_files=off --write_settings_files=off SPI_LCD_12864 -c SPI_LCD_12864 --merge=on
quartus_fit --read_settings_files=off --write_settings_files=off SPI_LCD_12864 -c SPI_LCD_12864
quartus_asm --read_settings_files=off --write_settings_files=off SPI_LCD_12864 -c SPI_LCD_12864
quartus_sta SPI_LCD_12864 -c SPI_LCD_12864
quartus_eda --read_settings_files=off --write_settings_files=off SPI_LCD_12864 -c SPI_LCD_12864
quartus_map --read_settings_files=on --write_settings_files=off SPI_LCD_12864 -c SPI_LCD_12864
quartus_cdb --read_settings_files=off --write_settings_files=off SPI_LCD_12864 -c SPI_LCD_12864 --merge=on
quartus_fit --read_settings_files=off --write_settings_files=off SPI_LCD_12864 -c SPI_LCD_12864
quartus_asm --read_settings_files=off --write_settings_files=off SPI_LCD_12864 -c SPI_LCD_12864
quartus_sta SPI_LCD_12864 -c SPI_LCD_12864
quartus_eda --read_settings_files=off --write_settings_files=off SPI_LCD_12864 -c SPI_LCD_12864
quartus_map --read_settings_files=on --write_settings_files=off SPI_LCD_12864 -c SPI_LCD_12864
quartus_map --read_settings_files=on --write_settings_files=off SPI_LCD_12864 -c SPI_LCD_12864
quartus_map --read_settings_files=on --write_settings_files=off SPI_LCD_12864 -c SPI_LCD_12864
quartus_map --read_settings_files=on --write_settings_files=off SPI_LCD_12864 -c SPI_LCD_12864
quartus_cdb --read_settings_files=off --write_settings_files=off SPI_LCD_12864 -c SPI_LCD_12864 --merge=on
quartus_fit --read_settings_files=off --write_settings_files=off SPI_LCD_12864 -c SPI_LCD_12864
quartus_asm --read_settings_files=off --write_settings_files=off SPI_LCD_12864 -c SPI_LCD_12864
quartus_sta SPI_LCD_12864 -c SPI_LCD_12864
quartus_eda --read_settings_files=off --write_settings_files=off SPI_LCD_12864 -c SPI_LCD_12864
quartus_map --read_settings_files=on --write_settings_files=off SPI_LCD_12864 -c SPI_LCD_12864
quartus_cdb --read_settings_files=off --write_settings_files=off SPI_LCD_12864 -c SPI_LCD_12864 --merge=on
quartus_fit --read_settings_files=off --write_settings_files=off SPI_LCD_12864 -c SPI_LCD_12864
quartus_asm --read_settings_files=off --write_settings_files=off SPI_LCD_12864 -c SPI_LCD_12864
quartus_sta SPI_LCD_12864 -c SPI_LCD_12864
quartus_eda --read_settings_files=off --write_settings_files=off SPI_LCD_12864 -c SPI_LCD_12864
quartus_map --read_settings_files=on --write_settings_files=off SPI_LCD_12864 -c SPI_LCD_12864
quartus_cdb --read_settings_files=off --write_settings_files=off SPI_LCD_12864 -c SPI_LCD_12864 --merge=on
quartus_fit --read_settings_files=off --write_settings_files=off SPI_LCD_12864 -c SPI_LCD_12864
quartus_asm --read_settings_files=off --write_settings_files=off SPI_LCD_12864 -c SPI_LCD_12864
quartus_sta SPI_LCD_12864 -c SPI_LCD_12864
quartus_eda --read_settings_files=off --write_settings_files=off SPI_LCD_12864 -c SPI_LCD_12864
quartus_map --read_settings_files=on --write_settings_files=off SPI_LCD_12864 -c SPI_LCD_12864
quartus_cdb --read_settings_files=off --write_settings_files=off SPI_LCD_12864 -c SPI_LCD_12864 --merge=on
quartus_fit --read_settings_files=off --write_settings_files=off SPI_LCD_12864 -c SPI_LCD_12864
quartus_asm --read_settings_files=off --write_settings_files=off SPI_LCD_12864 -c SPI_LCD_12864
quartus_sta SPI_LCD_12864 -c SPI_LCD_12864
quartus_eda --read_settings_files=off --write_settings_files=off SPI_LCD_12864 -c SPI_LCD_12864
quartus_map --read_settings_files=on --write_settings_files=off SPI_LCD_12864 -c SPI_LCD_12864
quartus_cdb --read_settings_files=off --write_settings_files=off SPI_LCD_12864 -c SPI_LCD_12864 --merge=on
quartus_fit --read_settings_files=off --write_settings_files=off SPI_LCD_12864 -c SPI_LCD_12864
quartus_asm --read_settings_files=off --write_settings_files=off SPI_LCD_12864 -c SPI_LCD_12864
quartus_sta SPI_LCD_12864 -c SPI_LCD_12864
quartus_eda --read_settings_files=off --write_settings_files=off SPI_LCD_12864 -c SPI_LCD_12864
quartus_map --read_settings_files=on --write_settings_files=off SPI_LCD_12864 -c SPI_LCD_12864
quartus_cdb --read_settings_files=off --write_settings_files=off SPI_LCD_12864 -c SPI_LCD_12864 --merge=on
quartus_fit --read_settings_files=off --write_settings_files=off SPI_LCD_12864 -c SPI_LCD_12864
quartus_asm --read_settings_files=off --write_settings_files=off SPI_LCD_12864 -c SPI_LCD_12864
quartus_sta SPI_LCD_12864 -c SPI_LCD_12864
quartus_eda --read_settings_files=off --write_settings_files=off SPI_LCD_12864 -c SPI_LCD_12864
quartus_map --read_settings_files=on --write_settings_files=off SPI_LCD_12864 -c SPI_LCD_12864 --analysis_and_elaboration



