Analysis & Synthesis report for SOS_GENERATE
Mon Nov 14 23:23:04 2016
Quartus II 64-Bit Version 12.1 Build 177 11/07/2012 SJ Full Version


---------------------
; Table of Contents ;
---------------------
  1. Legal Notice
  2. Analysis & Synthesis Summary
  3. Analysis & Synthesis Settings
  4. Parallel Compilation
  5. Analysis & Synthesis Source Files Read
  6. Analysis & Synthesis Resource Usage Summary
  7. Analysis & Synthesis Resource Utilization by Entity
  8. Registers Removed During Synthesis
  9. Removed Registers Triggering Further Register Optimizations
 10. General Register Statistics
 11. Inverted Register Statistics
 12. Multiplexer Restructuring Statistics (Restructuring Performed)
 13. Parameter Settings for User Entity Instance: S_GEN_MODULE:U1
 14. Parameter Settings for User Entity Instance: O_GEN_MODULE:U2
 15. Port Connectivity Checks: "SOS_CTL_MODULE:U3"
 16. Elapsed Time Per Partition
 17. Analysis & Synthesis Messages



----------------
; Legal Notice ;
----------------
Copyright (C) 1991-2012 Altera Corporation
Your use of Altera Corporation's design tools, logic functions 
and other software and tools, and its AMPP partner logic 
functions, and any output files from any of the foregoing 
(including device programming or simulation files), and any 
associated documentation or information are expressly subject 
to the terms and conditions of the Altera Program License 
Subscription Agreement, Altera MegaCore Function License 
Agreement, or other applicable license agreement, including, 
without limitation, that your use is for the sole purpose of 
programming logic devices manufactured by Altera and sold by 
Altera or its authorized distributors.  Please refer to the 
applicable agreement for further details.



+--------------------------------------------------------------------------------+
; Analysis & Synthesis Summary                                                   ;
+------------------------------------+-------------------------------------------+
; Analysis & Synthesis Status        ; Successful - Mon Nov 14 23:23:04 2016     ;
; Quartus II 64-Bit Version          ; 12.1 Build 177 11/07/2012 SJ Full Version ;
; Revision Name                      ; SOS_GENERATE                              ;
; Top-level Entity Name              ; top_module                                ;
; Family                             ; Cyclone IV E                              ;
; Total logic elements               ; 116                                       ;
;     Total combinational functions  ; 113                                       ;
;     Dedicated logic registers      ; 76                                        ;
; Total registers                    ; 76                                        ;
; Total pins                         ; 5                                         ;
; Total virtual pins                 ; 0                                         ;
; Total memory bits                  ; 0                                         ;
; Embedded Multiplier 9-bit elements ; 0                                         ;
; Total PLLs                         ; 0                                         ;
+------------------------------------+-------------------------------------------+


+----------------------------------------------------------------------------------------------------------------------+
; Analysis & Synthesis Settings                                                                                        ;
+----------------------------------------------------------------------------+--------------------+--------------------+
; Option                                                                     ; Setting            ; Default Value      ;
+----------------------------------------------------------------------------+--------------------+--------------------+
; Device                                                                     ; EP4CE40F23C6       ;                    ;
; Top-level entity name                                                      ; top_module         ; SOS_GENERATE       ;
; Family name                                                                ; Cyclone IV E       ; Cyclone IV GX      ;
; Use smart compilation                                                      ; Off                ; Off                ;
; Enable parallel Assembler and TimeQuest Timing Analyzer during compilation ; On                 ; On                 ;
; Enable compact report table                                                ; Off                ; Off                ;
; Restructure Multiplexers                                                   ; Auto               ; Auto               ;
; Create Debugging Nodes for IP Cores                                        ; Off                ; Off                ;
; Preserve fewer node names                                                  ; On                 ; On                 ;
; Disable OpenCore Plus hardware evaluation                                  ; Off                ; Off                ;
; Verilog Version                                                            ; Verilog_2001       ; Verilog_2001       ;
; VHDL Version                                                               ; VHDL_1993          ; VHDL_1993          ;
; State Machine Processing                                                   ; Auto               ; Auto               ;
; Safe State Machine                                                         ; Off                ; Off                ;
; Extract Verilog State Machines                                             ; On                 ; On                 ;
; Extract VHDL State Machines                                                ; On                 ; On                 ;
; Ignore Verilog initial constructs                                          ; Off                ; Off                ;
; Iteration limit for constant Verilog loops                                 ; 5000               ; 5000               ;
; Iteration limit for non-constant Verilog loops                             ; 250                ; 250                ;
; Add Pass-Through Logic to Inferred RAMs                                    ; On                 ; On                 ;
; Infer RAMs from Raw Logic                                                  ; On                 ; On                 ;
; Parallel Synthesis                                                         ; On                 ; On                 ;
; DSP Block Balancing                                                        ; Auto               ; Auto               ;
; NOT Gate Push-Back                                                         ; On                 ; On                 ;
; Power-Up Don't Care                                                        ; On                 ; On                 ;
; Remove Redundant Logic Cells                                               ; Off                ; Off                ;
; Remove Duplicate Registers                                                 ; On                 ; On                 ;
; Ignore CARRY Buffers                                                       ; Off                ; Off                ;
; Ignore CASCADE Buffers                                                     ; Off                ; Off                ;
; Ignore GLOBAL Buffers                                                      ; Off                ; Off                ;
; Ignore ROW GLOBAL Buffers                                                  ; Off                ; Off                ;
; Ignore LCELL Buffers                                                       ; Off                ; Off                ;
; Ignore SOFT Buffers                                                        ; On                 ; On                 ;
; Limit AHDL Integers to 32 Bits                                             ; Off                ; Off                ;
; Optimization Technique                                                     ; Balanced           ; Balanced           ;
; Carry Chain Length                                                         ; 70                 ; 70                 ;
; Auto Carry Chains                                                          ; On                 ; On                 ;
; Auto Open-Drain Pins                                                       ; On                 ; On                 ;
; Perform WYSIWYG Primitive Resynthesis                                      ; Off                ; Off                ;
; Auto ROM Replacement                                                       ; On                 ; On                 ;
; Auto RAM Replacement                                                       ; On                 ; On                 ;
; Auto DSP Block Replacement                                                 ; On                 ; On                 ;
; Auto Shift Register Replacement                                            ; Auto               ; Auto               ;
; Allow Shift Register Merging across Hierarchies                            ; Auto               ; Auto               ;
; Auto Clock Enable Replacement                                              ; On                 ; On                 ;
; Strict RAM Replacement                                                     ; Off                ; Off                ;
; Allow Synchronous Control Signals                                          ; On                 ; On                 ;
; Force Use of Synchronous Clear Signals                                     ; Off                ; Off                ;
; Auto RAM Block Balancing                                                   ; On                 ; On                 ;
; Auto RAM to Logic Cell Conversion                                          ; Off                ; Off                ;
; Auto Resource Sharing                                                      ; Off                ; Off                ;
; Allow Any RAM Size For Recognition                                         ; Off                ; Off                ;
; Allow Any ROM Size For Recognition                                         ; Off                ; Off                ;
; Allow Any Shift Register Size For Recognition                              ; Off                ; Off                ;
; Use LogicLock Constraints during Resource Balancing                        ; On                 ; On                 ;
; Ignore translate_off and synthesis_off directives                          ; Off                ; Off                ;
; Timing-Driven Synthesis                                                    ; On                 ; On                 ;
; Report Parameter Settings                                                  ; On                 ; On                 ;
; Report Source Assignments                                                  ; On                 ; On                 ;
; Report Connectivity Checks                                                 ; On                 ; On                 ;
; Ignore Maximum Fan-Out Assignments                                         ; Off                ; Off                ;
; Synchronization Register Chain Length                                      ; 2                  ; 2                  ;
; PowerPlay Power Optimization                                               ; Normal compilation ; Normal compilation ;
; HDL message level                                                          ; Level2             ; Level2             ;
; Suppress Register Optimization Related Messages                            ; Off                ; Off                ;
; Number of Removed Registers Reported in Synthesis Report                   ; 5000               ; 5000               ;
; Number of Swept Nodes Reported in Synthesis Report                         ; 5000               ; 5000               ;
; Number of Inverted Registers Reported in Synthesis Report                  ; 100                ; 100                ;
; Clock MUX Protection                                                       ; On                 ; On                 ;
; Auto Gated Clock Conversion                                                ; Off                ; Off                ;
; Block Design Naming                                                        ; Auto               ; Auto               ;
; SDC constraint protection                                                  ; Off                ; Off                ;
; Synthesis Effort                                                           ; Auto               ; Auto               ;
; Shift Register Replacement - Allow Asynchronous Clear Signal               ; On                 ; On                 ;
; Pre-Mapping Resynthesis Optimization                                       ; Off                ; Off                ;
; Analysis & Synthesis Message Level                                         ; Medium             ; Medium             ;
; Disable Register Merging Across Hierarchies                                ; Auto               ; Auto               ;
; Resource Aware Inference For Block RAM                                     ; On                 ; On                 ;
; Synthesis Seed                                                             ; 1                  ; 1                  ;
+----------------------------------------------------------------------------+--------------------+--------------------+


+------------------------------------------+
; Parallel Compilation                     ;
+----------------------------+-------------+
; Processors                 ; Number      ;
+----------------------------+-------------+
; Number detected on machine ; 4           ;
; Maximum allowed            ; 4           ;
;                            ;             ;
; Average used               ; 1.00        ;
; Maximum used               ; 1           ;
;                            ;             ;
; Usage by Processor         ; % Time Used ;
;     1 processor            ; 100.0%      ;
;     2-4 processors         ;   0.0%      ;
+----------------------------+-------------+


+-------------------------------------------------------------------------------------------------------------------------------------------------------+
; Analysis & Synthesis Source Files Read                                                                                                                ;
+----------------------------------+-----------------+------------------------+---------------------------------------------------------------+---------+
; File Name with User-Entered Path ; Used in Netlist ; File Type              ; File Name with Absolute Path                                  ; Library ;
+----------------------------------+-----------------+------------------------+---------------------------------------------------------------+---------+
; top_module.v                     ; yes             ; User Verilog HDL File  ; D:/FPGA_PROC/ALTART_MODULE_PROC/SOS_GENERATE/top_module.v     ;         ;
; SOS_CTL_MODULE.v                 ; yes             ; User Verilog HDL File  ; D:/FPGA_PROC/ALTART_MODULE_PROC/SOS_GENERATE/SOS_CTL_MODULE.v ;         ;
; S_GEN_MODULE.v                   ; yes             ; User Verilog HDL File  ; D:/FPGA_PROC/ALTART_MODULE_PROC/SOS_GENERATE/S_GEN_MODULE.v   ;         ;
; O_GEN_MODULE.v                   ; yes             ; User Verilog HDL File  ; D:/FPGA_PROC/ALTART_MODULE_PROC/SOS_GENERATE/O_GEN_MODULE.v   ;         ;
+----------------------------------+-----------------+------------------------+---------------------------------------------------------------+---------+


+-----------------------------------------------------+
; Analysis & Synthesis Resource Usage Summary         ;
+---------------------------------------------+-------+
; Resource                                    ; Usage ;
+---------------------------------------------+-------+
; Estimated Total logic elements              ; 116   ;
;                                             ;       ;
; Total combinational functions               ; 113   ;
; Logic element usage by number of LUT inputs ;       ;
;     -- 4 input functions                    ; 48    ;
;     -- 3 input functions                    ; 7     ;
;     -- <=2 input functions                  ; 58    ;
;                                             ;       ;
; Logic elements by mode                      ;       ;
;     -- normal mode                          ; 65    ;
;     -- arithmetic mode                      ; 48    ;
;                                             ;       ;
; Total registers                             ; 76    ;
;     -- Dedicated logic registers            ; 76    ;
;     -- I/O registers                        ; 0     ;
;                                             ;       ;
; I/O pins                                    ; 5     ;
; Embedded Multiplier 9-bit elements          ; 0     ;
; Maximum fan-out                             ; 76    ;
; Total fan-out                               ; 633   ;
; Average fan-out                             ; 3.18  ;
+---------------------------------------------+-------+


+---------------------------------------------------------------------------------------------------------------------------------------------------------------------------------------+
; Analysis & Synthesis Resource Utilization by Entity                                                                                                                                   ;
+----------------------------+-------------------+--------------+-------------+--------------+---------+-----------+------+--------------+-------------------------------+--------------+
; Compilation Hierarchy Node ; LC Combinationals ; LC Registers ; Memory Bits ; DSP Elements ; DSP 9x9 ; DSP 18x18 ; Pins ; Virtual Pins ; Full Hierarchy Name           ; Library Name ;
+----------------------------+-------------------+--------------+-------------+--------------+---------+-----------+------+--------------+-------------------------------+--------------+
; |top_module                ; 113 (1)           ; 76 (0)       ; 0           ; 0            ; 0       ; 0         ; 5    ; 0            ; |top_module                   ;              ;
;    |O_GEN_MODULE:U2|       ; 52 (52)           ; 35 (35)      ; 0           ; 0            ; 0       ; 0         ; 0    ; 0            ; |top_module|O_GEN_MODULE:U2   ;              ;
;    |SOS_CTL_MODULE:U3|     ; 8 (8)             ; 5 (5)        ; 0           ; 0            ; 0       ; 0         ; 0    ; 0            ; |top_module|SOS_CTL_MODULE:U3 ;              ;
;    |S_GEN_MODULE:U1|       ; 52 (52)           ; 36 (36)      ; 0           ; 0            ; 0       ; 0         ; 0    ; 0            ; |top_module|S_GEN_MODULE:U1   ;              ;
+----------------------------+-------------------+--------------+-------------+--------------+---------+-----------+------+--------------+-------------------------------+--------------+
Note: For table entries with two numbers listed, the numbers in parentheses indicate the number of resources of the given type used by the specific entity alone. The numbers listed outside of parentheses indicate the total resources of the given type used by the specific entity and all of its sub-entities in the hierarchy.


+---------------------------------------------------------------------------------+
; Registers Removed During Synthesis                                              ;
+----------------------------------------+----------------------------------------+
; Register name                          ; Reason for Removal                     ;
+----------------------------------------+----------------------------------------+
; O_GEN_MODULE:U2|rPin_Out               ; Merged with O_GEN_MODULE:U2|isCount    ;
; O_GEN_MODULE:U2|rTimes[6,9]            ; Merged with O_GEN_MODULE:U2|rTimes[3]  ;
; O_GEN_MODULE:U2|rTimes[8]              ; Merged with O_GEN_MODULE:U2|rTimes[7]  ;
; O_GEN_MODULE:U2|rTimes[2]              ; Merged with O_GEN_MODULE:U2|rTimes[0]  ;
; S_GEN_MODULE:U1|rTimes[7..9]           ; Merged with S_GEN_MODULE:U1|rTimes[3]  ;
; S_GEN_MODULE:U1|rTimes[4]              ; Merged with S_GEN_MODULE:U1|rTimes[1]  ;
; O_GEN_MODULE:U2|rTimes[0]              ; Stuck at GND due to stuck port data_in ;
; S_GEN_MODULE:U1|rTimes[0]              ; Stuck at GND due to stuck port data_in ;
; S_GEN_MODULE:U1|rTimes[5]              ; Stuck at VCC due to stuck port data_in ;
; SOS_CTL_MODULE:U3|state_index[3]       ; Stuck at GND due to stuck port data_in ;
; O_GEN_MODULE:U2|rTimes[4]              ; Merged with O_GEN_MODULE:U2|rTimes[3]  ;
; O_GEN_MODULE:U2|state_index[3]         ; Stuck at GND due to stuck port data_in ;
; S_GEN_MODULE:U1|state_index[3]         ; Stuck at GND due to stuck port data_in ;
; Total Number of Removed Registers = 16 ;                                        ;
+----------------------------------------+----------------------------------------+


+-------------------------------------------------------------------------------------------------------------------+
; Removed Registers Triggering Further Register Optimizations                                                       ;
+---------------------------+---------------------------+-----------------------------------------------------------+
; Register name             ; Reason for Removal        ; Registers Removed due to This Register                    ;
+---------------------------+---------------------------+-----------------------------------------------------------+
; S_GEN_MODULE:U1|rTimes[0] ; Stuck at GND              ; S_GEN_MODULE:U1|rTimes[5], S_GEN_MODULE:U1|state_index[3] ;
;                           ; due to stuck port data_in ;                                                           ;
; O_GEN_MODULE:U2|rTimes[0] ; Stuck at GND              ; O_GEN_MODULE:U2|state_index[3]                            ;
;                           ; due to stuck port data_in ;                                                           ;
+---------------------------+---------------------------+-----------------------------------------------------------+


+------------------------------------------------------+
; General Register Statistics                          ;
+----------------------------------------------+-------+
; Statistic                                    ; Value ;
+----------------------------------------------+-------+
; Total registers                              ; 76    ;
; Number of registers using Synchronous Clear  ; 52    ;
; Number of registers using Synchronous Load   ; 0     ;
; Number of registers using Asynchronous Clear ; 76    ;
; Number of registers using Asynchronous Load  ; 0     ;
; Number of registers using Clock Enable       ; 25    ;
; Number of registers using Preset             ; 0     ;
+----------------------------------------------+-------+


+--------------------------------------------------+
; Inverted Register Statistics                     ;
+----------------------------------------+---------+
; Inverted Register                      ; Fan out ;
+----------------------------------------+---------+
; S_GEN_MODULE:U1|rPin_Out               ; 2       ;
; O_GEN_MODULE:U2|rTimes[3]              ; 5       ;
; O_GEN_MODULE:U2|rTimes[5]              ; 1       ;
; O_GEN_MODULE:U2|rTimes[7]              ; 2       ;
; S_GEN_MODULE:U1|rTimes[3]              ; 3       ;
; S_GEN_MODULE:U1|rTimes[6]              ; 2       ;
; Total number of inverted registers = 6 ;         ;
+----------------------------------------+---------+


+------------------------------------------------------------------------------------------------------------------------------------------------------------+
; Multiplexer Restructuring Statistics (Restructuring Performed)                                                                                             ;
+--------------------+-----------+---------------+----------------------+------------------------+------------+----------------------------------------------+
; Multiplexer Inputs ; Bus Width ; Baseline Area ; Area if Restructured ; Saving if Restructured ; Registered ; Example Multiplexer Output                   ;
+--------------------+-----------+---------------+----------------------+------------------------+------------+----------------------------------------------+
; 3:1                ; 10 bits   ; 20 LEs        ; 10 LEs               ; 10 LEs                 ; Yes        ; |top_module|O_GEN_MODULE:U2|Count_MS[9]      ;
; 3:1                ; 10 bits   ; 20 LEs        ; 10 LEs               ; 10 LEs                 ; Yes        ; |top_module|S_GEN_MODULE:U1|Count_MS[1]      ;
; 3:1                ; 16 bits   ; 32 LEs        ; 16 LEs               ; 16 LEs                 ; Yes        ; |top_module|S_GEN_MODULE:U1|Count1[5]        ;
; 12:1               ; 3 bits    ; 24 LEs        ; 21 LEs               ; 3 LEs                  ; Yes        ; |top_module|O_GEN_MODULE:U2|state_index[2]   ;
; 12:1               ; 3 bits    ; 24 LEs        ; 21 LEs               ; 3 LEs                  ; Yes        ; |top_module|S_GEN_MODULE:U1|state_index[2]   ;
; 14:1               ; 2 bits    ; 18 LEs        ; 2 LEs                ; 16 LEs                 ; Yes        ; |top_module|S_GEN_MODULE:U1|rTimes[2]        ;
; 17:1               ; 3 bits    ; 33 LEs        ; 18 LEs               ; 15 LEs                 ; Yes        ; |top_module|SOS_CTL_MODULE:U3|state_index[2] ;
; 3:1                ; 2 bits    ; 4 LEs         ; 0 LEs                ; 4 LEs                  ; Yes        ; |top_module|S_GEN_MODULE:U1|rTimes[5]        ;
; 14:1               ; 2 bits    ; 18 LEs        ; 2 LEs                ; 16 LEs                 ; Yes        ; |top_module|O_GEN_MODULE:U2|rTimes[5]        ;
+--------------------+-----------+---------------+----------------------+------------------------+------------+----------------------------------------------+


+--------------------------------------------------------------+
; Parameter Settings for User Entity Instance: S_GEN_MODULE:U1 ;
+----------------+------------------+--------------------------+
; Parameter Name ; Value            ; Type                     ;
+----------------+------------------+--------------------------+
; T1MS           ; 1100001101001111 ; Unsigned Binary          ;
+----------------+------------------+--------------------------+
Note: In order to hide this table in the UI and the text report file, please set the "Show Parameter Settings in Synthesis Report" option in "Analysis and Synthesis Settings -> More Settings" to "Off".


+--------------------------------------------------------------+
; Parameter Settings for User Entity Instance: O_GEN_MODULE:U2 ;
+----------------+------------------+--------------------------+
; Parameter Name ; Value            ; Type                     ;
+----------------+------------------+--------------------------+
; T1MS           ; 1100001101001111 ; Unsigned Binary          ;
+----------------+------------------+--------------------------+
Note: In order to hide this table in the UI and the text report file, please set the "Show Parameter Settings in Synthesis Report" option in "Analysis and Synthesis Settings -> More Settings" to "Off".


+-----------------------------------------------------------------------------------------------------------------------------------------+
; Port Connectivity Checks: "SOS_CTL_MODULE:U3"                                                                                           ;
+----------+--------+----------+----------------------------------------------------------------------------------------------------------+
; Port     ; Type   ; Severity ; Details                                                                                                  ;
+----------+--------+----------+----------------------------------------------------------------------------------------------------------+
; Done_Sig ; Output ; Warning  ; Declared by entity but not connected by instance. Logic that only feeds a dangling port will be removed. ;
+----------+--------+----------+----------------------------------------------------------------------------------------------------------+


+-------------------------------+
; Elapsed Time Per Partition    ;
+----------------+--------------+
; Partition Name ; Elapsed Time ;
+----------------+--------------+
; Top            ; 00:00:00     ;
+----------------+--------------+


+-------------------------------+
; Analysis & Synthesis Messages ;
+-------------------------------+
Info: *******************************************************************
Info: Running Quartus II 64-Bit Analysis & Synthesis
    Info: Version 12.1 Build 177 11/07/2012 SJ Full Version
    Info: Processing started: Mon Nov 14 23:23:03 2016
Info: Command: quartus_map --read_settings_files=on --write_settings_files=off SOS_GENERATE -c SOS_GENERATE
Info (20030): Parallel compilation is enabled and will use 4 of the 4 processors detected
Info (12021): Found 1 design units, including 1 entities, in source file top_module.v
    Info (12023): Found entity 1: top_module
Info (12021): Found 1 design units, including 1 entities, in source file sos_ctl_module.v
    Info (12023): Found entity 1: SOS_CTL_MODULE
Info (12021): Found 1 design units, including 1 entities, in source file s_gen_module.v
    Info (12023): Found entity 1: S_GEN_MODULE
Info (12021): Found 1 design units, including 1 entities, in source file o_gen_module.v
    Info (12023): Found entity 1: O_GEN_MODULE
Info (12127): Elaborating entity "top_module" for the top level hierarchy
Warning (10034): Output port "Done_Sig" at top_module.v(18) has no driver
Info (12128): Elaborating entity "S_GEN_MODULE" for hierarchy "S_GEN_MODULE:U1"
Info (12128): Elaborating entity "O_GEN_MODULE" for hierarchy "O_GEN_MODULE:U2"
Warning (10230): Verilog HDL assignment warning at O_GEN_MODULE.v(108): truncated value with size 10 to match size of target (4)
Info (12128): Elaborating entity "SOS_CTL_MODULE" for hierarchy "SOS_CTL_MODULE:U3"
Warning (10036): Verilog HDL or VHDL warning at SOS_CTL_MODULE.v(31): object "isDone" assigned a value but never read
Warning (10034): Output port "Done_Sig" at SOS_CTL_MODULE.v(24) has no driver
Warning (12241): 1 hierarchies have connectivity warnings - see the Connectivity Checks report folder
Info (13000): Registers with preset signals will power-up high
Info (13003): DEV_CLRn pin will set, and not reset, register with preset signal due to NOT Gate Push-Back
Warning (13024): Output pins are stuck at VCC or GND
    Warning (13410): Pin "Done_Sig" is stuck at GND
Info (286030): Timing-Driven Synthesis is running
Info (16010): Generating hard_block partition "hard_block:auto_generated_inst"
    Info (16011): Adding 0 node(s), including 0 DDIO, 0 PLL, 0 transceiver and 0 LCELL
Info (21057): Implemented 121 device resources after synthesis - the final resource count might be different
    Info (21058): Implemented 3 input pins
    Info (21059): Implemented 2 output pins
    Info (21061): Implemented 116 logic cells
Info: Quartus II 64-Bit Analysis & Synthesis was successful. 0 errors, 7 warnings
    Info: Peak virtual memory: 436 megabytes
    Info: Processing ended: Mon Nov 14 23:23:04 2016
    Info: Elapsed time: 00:00:01
    Info: Total CPU time (on all processors): 00:00:01


